{"contracts/DepositBox.sol":{"l":{"79":0,"80":0,"81":0,"82":0,"83":0,"84":0,"89":16,"93":0,"97":0,"98":0,"106":0,"107":0,"108":0,"109":0,"110":0,"117":0,"130":0,"131":0,"132":0,"133":0,"134":0,"141":0,"149":0,"150":0,"157":0,"171":0,"172":0,"173":0,"174":0,"175":0,"182":0,"190":0,"191":0,"198":0,"202":0,"203":0,"204":0,"205":0,"206":0,"207":0,"208":0,"209":0,"216":0,"230":0,"231":0,"232":0,"233":0,"234":0,"235":0,"236":0,"237":0,"244":0,"256":0,"257":0,"258":0,"262":0,"271":0,"272":0,"280":0,"283":0,"284":0,"285":0,"288":0,"289":0,"299":0,"300":0,"301":0,"302":0,"305":0,"306":0,"307":0,"308":0,"309":0,"312":0,"313":0,"314":0,"315":0,"316":0,"336":0,"338":0,"341":0,"349":0,"350":0,"352":0,"354":0,"356":0,"358":0},"path":"/home/elvis/work/MTA/proxy/contracts/DepositBox.sol","s":{"1":0,"2":0,"3":0,"4":0,"5":0,"6":16,"7":0,"8":0,"9":0,"10":0,"11":0,"12":0,"13":0,"14":0,"15":0,"16":0,"17":0,"18":0,"19":0,"20":0,"21":0,"22":0,"23":0,"24":0,"25":0,"26":0,"27":0,"28":0,"29":0,"30":0,"31":0,"32":0,"33":0,"34":0,"35":0,"36":0,"37":0,"38":0,"39":0,"40":0,"41":0,"42":0,"43":0,"44":0,"45":0,"46":0,"47":0,"48":0,"49":0,"50":0,"51":0,"52":0,"53":0,"54":0,"55":0,"56":0,"57":0,"58":0,"59":0,"60":0,"61":0,"62":0,"63":0,"64":0,"65":0,"66":0,"67":0,"68":0,"69":0,"70":0,"71":0,"72":0,"73":0,"74":0,"75":0,"76":0,"77":0,"78":0,"79":0,"80":0,"81":0,"82":0,"83":0,"84":0,"85":0,"86":0,"87":0,"88":0},"b":{"1":[0,0],"2":[0,0],"3":[0,0],"4":[0,0],"5":[0,0],"6":[0,0],"7":[0,0],"8":[0,0],"9":[0,0],"10":[0,0],"11":[0,0],"12":[0,0],"13":[0,0],"14":[0,0],"15":[0,0],"16":[0,0],"17":[0,0],"18":[0,0],"19":[0,0],"20":[0,0],"21":[0,0],"22":[0,0],"23":[0,0],"24":[0,0],"25":[0,0],"26":[0,0],"27":[0,0],"28":[0,0]},"f":{"1":0,"2":16,"3":0,"4":0,"5":0,"6":0,"7":0,"8":0,"9":0,"10":0,"11":0},"fnMap":{"1":{"name":"rightTransaction","line":78,"loc":{"start":{"line":78,"column":4},"end":{"line":78,"column":51}}},"2":{"name":"constructor","line":88,"loc":{"start":{"line":88,"column":4},"end":{"line":88,"column":111}}},"3":{"name":"fallback","line":92,"loc":{"start":{"line":92,"column":4},"end":{"line":92,"column":29}}},"4":{"name":"deposit","line":96,"loc":{"start":{"line":96,"column":4},"end":{"line":96,"column":69}}},"5":{"name":"deposit","line":101,"loc":{"start":{"line":101,"column":4},"end":{"line":105,"column":5}}},"6":{"name":"depositERC20","line":120,"loc":{"start":{"line":120,"column":4},"end":{"line":129,"column":5}}},"7":{"name":"rawDepositERC20","line":160,"loc":{"start":{"line":160,"column":4},"end":{"line":170,"column":5}}},"8":{"name":"depositERC721","line":201,"loc":{"start":{"line":201,"column":4},"end":{"line":201,"column":138}}},"9":{"name":"rawDepositERC721","line":219,"loc":{"start":{"line":219,"column":4},"end":{"line":229,"column":5}}},"10":{"name":"postMessage","line":247,"loc":{"start":{"line":247,"column":4},"end":{"line":255,"column":5}}},"11":{"name":"fallbackOperationTypeConvert","line":331,"loc":{"start":{"line":331,"column":4},"end":{"line":335,"column":5}}}},"statementMap":{"1":{"start":{"line":79,"column":8},"end":{"line":79,"column":65}},"2":{"start":{"line":80,"column":8},"end":{"line":80,"column":105}},"3":{"start":{"line":81,"column":8},"end":{"line":81,"column":101}},"4":{"start":{"line":82,"column":8},"end":{"line":82,"column":70}},"5":{"start":{"line":83,"column":8},"end":{"line":83,"column":91}},"6":{"start":{"line":89,"column":8},"end":{"line":89,"column":37}},"7":{"start":{"line":93,"column":8},"end":{"line":93,"column":28}},"8":{"start":{"line":98,"column":8},"end":{"line":98,"column":35}},"9":{"start":{"line":106,"column":8},"end":{"line":106,"column":65}},"10":{"start":{"line":107,"column":8},"end":{"line":107,"column":105}},"11":{"start":{"line":109,"column":8},"end":{"line":109,"column":57}},"12":{"start":{"line":110,"column":8},"end":{"line":110,"column":34}},"13":{"start":{"line":117,"column":8},"end":{"line":117,"column":41}},"14":{"start":{"line":130,"column":8},"end":{"line":130,"column":65}},"15":{"start":{"line":131,"column":8},"end":{"line":131,"column":105}},"16":{"start":{"line":132,"column":8},"end":{"line":132,"column":128}},"17":{"start":{"line":133,"column":8},"end":{"line":133,"column":118}},"18":{"start":{"line":134,"column":8},"end":{"line":134,"column":4687}},"19":{"start":{"line":141,"column":8},"end":{"line":141,"column":4880}},"20":{"start":{"line":149,"column":8},"end":{"line":149,"column":98}},"21":{"start":{"line":150,"column":8},"end":{"line":150,"column":34}},"22":{"start":{"line":157,"column":8},"end":{"line":157,"column":41}},"23":{"start":{"line":171,"column":8},"end":{"line":171,"column":65}},"24":{"start":{"line":172,"column":8},"end":{"line":172,"column":105}},"25":{"start":{"line":173,"column":8},"end":{"line":173,"column":128}},"26":{"start":{"line":174,"column":8},"end":{"line":174,"column":118}},"27":{"start":{"line":175,"column":8},"end":{"line":175,"column":6148}},"28":{"start":{"line":182,"column":8},"end":{"line":182,"column":6341}},"29":{"start":{"line":190,"column":8},"end":{"line":190,"column":97}},"30":{"start":{"line":191,"column":8},"end":{"line":191,"column":34}},"31":{"start":{"line":198,"column":8},"end":{"line":198,"column":41}},"32":{"start":{"line":202,"column":8},"end":{"line":202,"column":65}},"33":{"start":{"line":203,"column":8},"end":{"line":203,"column":130}},"34":{"start":{"line":204,"column":8},"end":{"line":204,"column":120}},"35":{"start":{"line":205,"column":8},"end":{"line":205,"column":103}},"36":{"start":{"line":206,"column":8},"end":{"line":206,"column":32}},"37":{"start":{"line":207,"column":8},"end":{"line":207,"column":112}},"38":{"start":{"line":208,"column":8},"end":{"line":208,"column":102}},"39":{"start":{"line":209,"column":8},"end":{"line":209,"column":34}},"40":{"start":{"line":216,"column":8},"end":{"line":216,"column":41}},"41":{"start":{"line":230,"column":8},"end":{"line":230,"column":65}},"42":{"start":{"line":231,"column":8},"end":{"line":231,"column":130}},"43":{"start":{"line":232,"column":8},"end":{"line":232,"column":120}},"44":{"start":{"line":233,"column":8},"end":{"line":233,"column":103}},"45":{"start":{"line":234,"column":8},"end":{"line":234,"column":32}},"46":{"start":{"line":235,"column":8},"end":{"line":235,"column":112}},"47":{"start":{"line":236,"column":8},"end":{"line":236,"column":101}},"48":{"start":{"line":237,"column":8},"end":{"line":237,"column":34}},"49":{"start":{"line":244,"column":8},"end":{"line":244,"column":41}},"50":{"start":{"line":256,"column":8},"end":{"line":256,"column":62}},"51":{"start":{"line":257,"column":8},"end":{"line":257,"column":69}},"52":{"start":{"line":258,"column":8},"end":{"line":258,"column":9785}},"53":{"start":{"line":262,"column":12},"end":{"line":262,"column":9978}},"54":{"start":{"line":271,"column":8},"end":{"line":271,"column":10184}},"55":{"start":{"line":272,"column":12},"end":{"line":272,"column":10316}},"56":{"start":{"line":280,"column":12},"end":{"line":280,"column":18}},"57":{"start":{"line":283,"column":8},"end":{"line":283,"column":10559}},"58":{"start":{"line":284,"column":12},"end":{"line":284,"column":78}},"59":{"start":{"line":285,"column":12},"end":{"line":285,"column":18}},"60":{"start":{"line":288,"column":8},"end":{"line":288,"column":10702}},"61":{"start":{"line":289,"column":12},"end":{"line":289,"column":10821}},"62":{"start":{"line":299,"column":8},"end":{"line":299,"column":74}},"63":{"start":{"line":300,"column":8},"end":{"line":300,"column":11107}},"64":{"start":{"line":301,"column":12},"end":{"line":301,"column":11176}},"65":{"start":{"line":302,"column":16},"end":{"line":302,"column":49}},"66":{"start":{"line":304,"column":15},"end":{"line":304,"column":11385}},"67":{"start":{"line":305,"column":12},"end":{"line":305,"column":122}},"68":{"start":{"line":306,"column":12},"end":{"line":306,"column":36}},"69":{"start":{"line":307,"column":12},"end":{"line":307,"column":77}},"70":{"start":{"line":308,"column":12},"end":{"line":308,"column":11774}},"71":{"start":{"line":309,"column":16},"end":{"line":309,"column":49}},"72":{"start":{"line":311,"column":15},"end":{"line":311,"column":11989}},"73":{"start":{"line":312,"column":12},"end":{"line":312,"column":124}},"74":{"start":{"line":313,"column":12},"end":{"line":313,"column":38}},"75":{"start":{"line":314,"column":12},"end":{"line":314,"column":79}},"76":{"start":{"line":315,"column":12},"end":{"line":315,"column":12387}},"77":{"start":{"line":316,"column":16},"end":{"line":316,"column":49}},"78":{"start":{"line":341,"column":8},"end":{"line":341,"column":13242}},"79":{"start":{"line":349,"column":8},"end":{"line":349,"column":13500}},"80":{"start":{"line":350,"column":12},"end":{"line":350,"column":51}},"81":{"start":{"line":351,"column":15},"end":{"line":351,"column":13597}},"82":{"start":{"line":352,"column":12},"end":{"line":352,"column":53}},"83":{"start":{"line":353,"column":15},"end":{"line":353,"column":13696}},"84":{"start":{"line":354,"column":12},"end":{"line":354,"column":54}},"85":{"start":{"line":355,"column":15},"end":{"line":355,"column":13796}},"86":{"start":{"line":356,"column":12},"end":{"line":356,"column":56}},"87":{"start":{"line":357,"column":15},"end":{"line":357,"column":13898}},"88":{"start":{"line":358,"column":12},"end":{"line":358,"column":57}}},"branchMap":{"1":{"line":81,"type":"if","locations":[{"start":{"line":81,"column":8},"end":{"line":81,"column":8}},{"start":{"line":81,"column":8},"end":{"line":81,"column":8}}]},"2":{"line":82,"type":"if","locations":[{"start":{"line":82,"column":8},"end":{"line":82,"column":8}},{"start":{"line":82,"column":8},"end":{"line":82,"column":8}}]},"3":{"line":83,"type":"if","locations":[{"start":{"line":83,"column":8},"end":{"line":83,"column":8}},{"start":{"line":83,"column":8},"end":{"line":83,"column":8}}]},"4":{"line":134,"type":"if","locations":[{"start":{"line":134,"column":8},"end":{"line":134,"column":8}},{"start":{"line":134,"column":8},"end":{"line":134,"column":8}}]},"5":{"line":141,"type":"if","locations":[{"start":{"line":141,"column":8},"end":{"line":141,"column":8}},{"start":{"line":141,"column":8},"end":{"line":141,"column":8}}]},"6":{"line":175,"type":"if","locations":[{"start":{"line":175,"column":8},"end":{"line":175,"column":8}},{"start":{"line":175,"column":8},"end":{"line":175,"column":8}}]},"7":{"line":182,"type":"if","locations":[{"start":{"line":182,"column":8},"end":{"line":182,"column":8}},{"start":{"line":182,"column":8},"end":{"line":182,"column":8}}]},"8":{"line":205,"type":"if","locations":[{"start":{"line":205,"column":8},"end":{"line":205,"column":8}},{"start":{"line":205,"column":8},"end":{"line":205,"column":8}}]},"9":{"line":207,"type":"if","locations":[{"start":{"line":207,"column":8},"end":{"line":207,"column":8}},{"start":{"line":207,"column":8},"end":{"line":207,"column":8}}]},"10":{"line":233,"type":"if","locations":[{"start":{"line":233,"column":8},"end":{"line":233,"column":8}},{"start":{"line":233,"column":8},"end":{"line":233,"column":8}}]},"11":{"line":235,"type":"if","locations":[{"start":{"line":235,"column":8},"end":{"line":235,"column":8}},{"start":{"line":235,"column":8},"end":{"line":235,"column":8}}]},"12":{"line":256,"type":"if","locations":[{"start":{"line":256,"column":8},"end":{"line":256,"column":8}},{"start":{"line":256,"column":8},"end":{"line":256,"column":8}}]},"13":{"line":258,"type":"if","locations":[{"start":{"line":258,"column":8},"end":{"line":258,"column":8}},{"start":{"line":258,"column":8},"end":{"line":258,"column":8}}]},"14":{"line":271,"type":"if","locations":[{"start":{"line":271,"column":8},"end":{"line":271,"column":8}},{"start":{"line":271,"column":8},"end":{"line":271,"column":8}}]},"15":{"line":283,"type":"if","locations":[{"start":{"line":283,"column":8},"end":{"line":283,"column":8}},{"start":{"line":283,"column":8},"end":{"line":283,"column":8}}]},"16":{"line":288,"type":"if","locations":[{"start":{"line":288,"column":8},"end":{"line":288,"column":8}},{"start":{"line":288,"column":8},"end":{"line":288,"column":8}}]},"17":{"line":300,"type":"if","locations":[{"start":{"line":300,"column":8},"end":{"line":300,"column":8}},{"start":{"line":300,"column":8},"end":{"line":300,"column":8}}]},"18":{"line":301,"type":"if","locations":[{"start":{"line":301,"column":12},"end":{"line":301,"column":12}},{"start":{"line":301,"column":12},"end":{"line":301,"column":12}}]},"19":{"line":304,"type":"if","locations":[{"start":{"line":304,"column":15},"end":{"line":304,"column":15}},{"start":{"line":304,"column":15},"end":{"line":304,"column":15}}]},"20":{"line":308,"type":"if","locations":[{"start":{"line":308,"column":12},"end":{"line":308,"column":12}},{"start":{"line":308,"column":12},"end":{"line":308,"column":12}}]},"21":{"line":311,"type":"if","locations":[{"start":{"line":311,"column":15},"end":{"line":311,"column":15}},{"start":{"line":311,"column":15},"end":{"line":311,"column":15}}]},"22":{"line":315,"type":"if","locations":[{"start":{"line":315,"column":12},"end":{"line":315,"column":12}},{"start":{"line":315,"column":12},"end":{"line":315,"column":12}}]},"23":{"line":341,"type":"if","locations":[{"start":{"line":341,"column":8},"end":{"line":341,"column":8}},{"start":{"line":341,"column":8},"end":{"line":341,"column":8}}]},"24":{"line":349,"type":"if","locations":[{"start":{"line":349,"column":8},"end":{"line":349,"column":8}},{"start":{"line":349,"column":8},"end":{"line":349,"column":8}}]},"25":{"line":351,"type":"if","locations":[{"start":{"line":351,"column":15},"end":{"line":351,"column":15}},{"start":{"line":351,"column":15},"end":{"line":351,"column":15}}]},"26":{"line":353,"type":"if","locations":[{"start":{"line":353,"column":15},"end":{"line":353,"column":15}},{"start":{"line":353,"column":15},"end":{"line":353,"column":15}}]},"27":{"line":355,"type":"if","locations":[{"start":{"line":355,"column":15},"end":{"line":355,"column":15}},{"start":{"line":355,"column":15},"end":{"line":355,"column":15}}]},"28":{"line":357,"type":"if","locations":[{"start":{"line":357,"column":15},"end":{"line":357,"column":15}},{"start":{"line":357,"column":15},"end":{"line":357,"column":15}}]}}},"contracts/ERC20Module.sol":{"l":{"40":0,"41":0,"42":0,"43":0,"44":0,"46":0,"48":0,"53":0,"54":0,"55":0,"56":0,"57":0,"72":0,"80":0,"81":0,"82":0,"83":0,"84":0,"85":0,"86":0,"87":0,"89":0,"90":0,"92":0,"100":0,"101":0,"102":0,"104":0,"109":0,"119":0,"120":0,"122":0,"126":0},"path":"/home/elvis/work/MTA/proxy/contracts/ERC20Module.sol","s":{"1":0,"2":0,"3":0,"4":0,"5":0,"6":0,"7":0,"8":0,"9":0,"10":0,"11":0,"12":0,"13":0,"14":0,"15":0,"16":0,"17":0,"18":0,"19":0,"20":0,"21":0,"22":0},"b":{"1":[0,0],"2":[0,0],"3":[0,0]},"f":{"1":0,"2":0,"3":0,"4":0,"5":0,"6":0,"7":0},"fnMap":{"1":{"name":"constructor","line":35,"loc":{"start":{"line":35,"column":4},"end":{"line":35,"column":94}}},"2":{"name":"receiveERC20","line":39,"loc":{"start":{"line":39,"column":4},"end":{"line":39,"column":117}}},"3":{"name":"encodeData","line":52,"loc":{"start":{"line":52,"column":4},"end":{"line":52,"column":133}}},"4":{"name":"encodeRawData","line":71,"loc":{"start":{"line":71,"column":4},"end":{"line":71,"column":91}}},"5":{"name":"sendERC20","line":79,"loc":{"start":{"line":79,"column":4},"end":{"line":79,"column":73}}},"6":{"name":"fallbackDataParser","line":95,"loc":{"start":{"line":95,"column":4},"end":{"line":99,"column":5}}},"7":{"name":"fallbackRawDataParser","line":114,"loc":{"start":{"line":114,"column":4},"end":{"line":118,"column":5}}}},"statementMap":{"1":{"start":{"line":40,"column":8},"end":{"line":40,"column":128}},"2":{"start":{"line":41,"column":8},"end":{"line":41,"column":1754}},"3":{"start":{"line":42,"column":12},"end":{"line":42,"column":95}},"4":{"start":{"line":43,"column":12},"end":{"line":43,"column":1882}},"5":{"start":{"line":44,"column":16},"end":{"line":44,"column":96}},"6":{"start":{"line":46,"column":12},"end":{"line":46,"column":73}},"7":{"start":{"line":48,"column":12},"end":{"line":48,"column":44}},"8":{"start":{"line":53,"column":8},"end":{"line":53,"column":62}},"9":{"start":{"line":54,"column":8},"end":{"line":54,"column":62}},"10":{"start":{"line":55,"column":8},"end":{"line":55,"column":66}},"11":{"start":{"line":56,"column":8},"end":{"line":56,"column":67}},"12":{"start":{"line":57,"column":8},"end":{"line":57,"column":2590}},"13":{"start":{"line":72,"column":8},"end":{"line":72,"column":3019}},"14":{"start":{"line":80,"column":8},"end":{"line":80,"column":128}},"15":{"start":{"line":85,"column":8},"end":{"line":85,"column":3483}},"16":{"start":{"line":86,"column":12},"end":{"line":86,"column":74}},"17":{"start":{"line":87,"column":12},"end":{"line":87,"column":93}},"18":{"start":{"line":89,"column":12},"end":{"line":89,"column":59}},"19":{"start":{"line":90,"column":12},"end":{"line":90,"column":31}},"20":{"start":{"line":92,"column":8},"end":{"line":92,"column":94}},"21":{"start":{"line":109,"column":8},"end":{"line":109,"column":4346}},"22":{"start":{"line":126,"column":8},"end":{"line":126,"column":50}}},"branchMap":{"1":{"line":41,"type":"if","locations":[{"start":{"line":41,"column":8},"end":{"line":41,"column":8}},{"start":{"line":41,"column":8},"end":{"line":41,"column":8}}]},"2":{"line":43,"type":"if","locations":[{"start":{"line":43,"column":12},"end":{"line":43,"column":12}},{"start":{"line":43,"column":12},"end":{"line":43,"column":12}}]},"3":{"line":85,"type":"if","locations":[{"start":{"line":85,"column":8},"end":{"line":85,"column":8}},{"start":{"line":85,"column":8},"end":{"line":85,"column":8}}]}}},"contracts/ERC20ModuleForMainnet.sol":{"l":{"40":0,"41":0,"42":0,"43":0,"44":0,"46":0,"48":0,"53":0,"54":0,"55":0,"56":0,"57":0,"58":0,"59":0,"60":0,"62":0,"63":0,"65":0,"69":0,"70":0,"71":0,"72":0,"74":0,"79":0,"80":0,"81":0,"82":0,"83":0,"98":0,"110":0,"111":0,"112":0,"114":0,"119":0,"129":0,"130":0,"132":0,"136":0},"path":"/home/elvis/work/MTA/proxy/contracts/ERC20ModuleForMainnet.sol","s":{"1":0,"2":0,"3":0,"4":0,"5":0,"6":0,"7":0,"8":0,"9":0,"10":0,"11":0,"12":0,"13":0,"14":0,"15":0,"16":0,"17":0,"18":0,"19":0,"20":0,"21":0,"22":0,"23":0,"24":0,"25":0},"b":{"1":[0,0],"2":[0,0],"3":[0,0],"4":[0,0]},"f":{"1":2,"2":0,"3":0,"4":0,"5":0,"6":0,"7":0,"8":0},"fnMap":{"1":{"name":"constructor","line":35,"loc":{"start":{"line":35,"column":4},"end":{"line":35,"column":86}}},"2":{"name":"receiveERC20","line":39,"loc":{"start":{"line":39,"column":4},"end":{"line":39,"column":137}}},"3":{"name":"sendERC20","line":52,"loc":{"start":{"line":52,"column":4},"end":{"line":52,"column":93}}},"4":{"name":"getReceiver","line":68,"loc":{"start":{"line":68,"column":4},"end":{"line":68,"column":92}}},"5":{"name":"encodeData","line":78,"loc":{"start":{"line":78,"column":4},"end":{"line":78,"column":133}}},"6":{"name":"encodeRawData","line":97,"loc":{"start":{"line":97,"column":4},"end":{"line":97,"column":91}}},"7":{"name":"fallbackDataParser","line":105,"loc":{"start":{"line":105,"column":4},"end":{"line":109,"column":5}}},"8":{"name":"fallbackRawDataParser","line":124,"loc":{"start":{"line":124,"column":4},"end":{"line":128,"column":5}}}},"statementMap":{"1":{"start":{"line":40,"column":8},"end":{"line":40,"column":128}},"2":{"start":{"line":41,"column":8},"end":{"line":41,"column":1788}},"3":{"start":{"line":42,"column":12},"end":{"line":42,"column":97}},"4":{"start":{"line":43,"column":12},"end":{"line":43,"column":1918}},"5":{"start":{"line":44,"column":16},"end":{"line":44,"column":98}},"6":{"start":{"line":46,"column":12},"end":{"line":46,"column":73}},"7":{"start":{"line":48,"column":12},"end":{"line":48,"column":44}},"8":{"start":{"line":53,"column":8},"end":{"line":53,"column":128}},"9":{"start":{"line":58,"column":8},"end":{"line":58,"column":2561}},"10":{"start":{"line":59,"column":12},"end":{"line":59,"column":74}},"11":{"start":{"line":60,"column":12},"end":{"line":60,"column":95}},"12":{"start":{"line":62,"column":12},"end":{"line":62,"column":59}},"13":{"start":{"line":63,"column":12},"end":{"line":63,"column":31}},"14":{"start":{"line":65,"column":8},"end":{"line":65,"column":96}},"15":{"start":{"line":71,"column":8},"end":{"line":71,"column":3145}},"16":{"start":{"line":72,"column":12},"end":{"line":72,"column":74}},"17":{"start":{"line":74,"column":12},"end":{"line":74,"column":59}},"18":{"start":{"line":79,"column":8},"end":{"line":79,"column":62}},"19":{"start":{"line":80,"column":8},"end":{"line":80,"column":62}},"20":{"start":{"line":81,"column":8},"end":{"line":81,"column":66}},"21":{"start":{"line":82,"column":8},"end":{"line":82,"column":67}},"22":{"start":{"line":83,"column":8},"end":{"line":83,"column":3757}},"23":{"start":{"line":98,"column":8},"end":{"line":98,"column":4186}},"24":{"start":{"line":119,"column":8},"end":{"line":119,"column":4762}},"25":{"start":{"line":136,"column":8},"end":{"line":136,"column":50}}},"branchMap":{"1":{"line":41,"type":"if","locations":[{"start":{"line":41,"column":8},"end":{"line":41,"column":8}},{"start":{"line":41,"column":8},"end":{"line":41,"column":8}}]},"2":{"line":43,"type":"if","locations":[{"start":{"line":43,"column":12},"end":{"line":43,"column":12}},{"start":{"line":43,"column":12},"end":{"line":43,"column":12}}]},"3":{"line":58,"type":"if","locations":[{"start":{"line":58,"column":8},"end":{"line":58,"column":8}},{"start":{"line":58,"column":8},"end":{"line":58,"column":8}}]},"4":{"line":71,"type":"if","locations":[{"start":{"line":71,"column":8},"end":{"line":71,"column":8}},{"start":{"line":71,"column":8},"end":{"line":71,"column":8}}]}}},"contracts/ERC20ModuleForSchain.sol":{"l":{"54":0,"55":0,"56":0,"57":0,"58":0,"59":0,"61":0,"66":0,"67":0,"68":0,"69":0,"70":0,"71":0,"72":0,"73":0,"74":0,"75":0,"76":0,"77":0,"78":0,"80":0,"81":0,"82":0,"86":0,"87":0,"89":0,"93":0,"94":0,"95":0,"96":0,"98":0,"103":0,"104":0,"105":0,"106":0,"107":0,"122":0,"134":0,"135":0,"136":0,"137":0,"140":0,"141":0,"144":0,"145":0,"149":0,"157":0,"158":0,"159":0,"161":0,"166":0,"176":0,"177":0,"179":0,"183":0},"path":"/home/elvis/work/MTA/proxy/contracts/ERC20ModuleForSchain.sol","s":{"1":0,"2":0,"3":0,"4":0,"5":0,"6":0,"7":0,"8":0,"9":0,"10":0,"11":0,"12":0,"13":0,"14":0,"15":0,"16":0,"17":0,"18":0,"19":0,"20":0,"21":0,"22":0,"23":0,"24":0,"25":0,"26":0,"27":0,"28":0,"29":0,"30":0,"31":0,"32":0,"33":0,"34":0,"35":0,"36":0},"b":{"1":[0,0],"2":[0,0],"3":[0,0],"4":[0,0],"5":[0,0],"6":[0,0],"7":[0,0]},"f":{"1":2,"2":0,"3":0,"4":0,"5":0,"6":0,"7":0,"8":0,"9":0},"fnMap":{"1":{"name":"constructor","line":49,"loc":{"start":{"line":49,"column":4},"end":{"line":49,"column":86}}},"2":{"name":"receiveERC20","line":53,"loc":{"start":{"line":53,"column":4},"end":{"line":53,"column":139}}},"3":{"name":"sendERC20","line":65,"loc":{"start":{"line":65,"column":4},"end":{"line":65,"column":95}}},"4":{"name":"getReceiver","line":92,"loc":{"start":{"line":92,"column":4},"end":{"line":92,"column":92}}},"5":{"name":"encodeData","line":102,"loc":{"start":{"line":102,"column":4},"end":{"line":102,"column":133}}},"6":{"name":"encodeRawData","line":121,"loc":{"start":{"line":121,"column":4},"end":{"line":121,"column":91}}},"7":{"name":"fallbackTotalSupplyParser","line":129,"loc":{"start":{"line":129,"column":4},"end":{"line":133,"column":5}}},"8":{"name":"fallbackDataParser","line":152,"loc":{"start":{"line":152,"column":4},"end":{"line":156,"column":5}}},"9":{"name":"fallbackRawDataParser","line":171,"loc":{"start":{"line":171,"column":4},"end":{"line":175,"column":5}}}},"statementMap":{"1":{"start":{"line":54,"column":8},"end":{"line":54,"column":128}},"2":{"start":{"line":55,"column":8},"end":{"line":55,"column":2232}},"3":{"start":{"line":56,"column":12},"end":{"line":56,"column":97}},"4":{"start":{"line":57,"column":12},"end":{"line":57,"column":72}},"5":{"start":{"line":58,"column":12},"end":{"line":58,"column":124}},"6":{"start":{"line":59,"column":12},"end":{"line":59,"column":73}},"7":{"start":{"line":61,"column":12},"end":{"line":61,"column":44}},"8":{"start":{"line":66,"column":8},"end":{"line":66,"column":128}},"9":{"start":{"line":71,"column":8},"end":{"line":71,"column":3053}},"10":{"start":{"line":72,"column":12},"end":{"line":72,"column":74}},"11":{"start":{"line":73,"column":12},"end":{"line":73,"column":95}},"12":{"start":{"line":74,"column":12},"end":{"line":74,"column":3268}},"13":{"start":{"line":75,"column":16},"end":{"line":75,"column":135}},"14":{"start":{"line":76,"column":16},"end":{"line":76,"column":93}},"15":{"start":{"line":77,"column":16},"end":{"line":77,"column":55}},"16":{"start":{"line":78,"column":16},"end":{"line":78,"column":51}},"17":{"start":{"line":80,"column":16},"end":{"line":80,"column":65}},"18":{"start":{"line":81,"column":16},"end":{"line":81,"column":3808}},"19":{"start":{"line":82,"column":20},"end":{"line":82,"column":46}},"20":{"start":{"line":86,"column":12},"end":{"line":86,"column":59}},"21":{"start":{"line":87,"column":12},"end":{"line":87,"column":31}},"22":{"start":{"line":89,"column":8},"end":{"line":89,"column":96}},"23":{"start":{"line":95,"column":8},"end":{"line":95,"column":4375}},"24":{"start":{"line":96,"column":12},"end":{"line":96,"column":74}},"25":{"start":{"line":98,"column":12},"end":{"line":98,"column":59}},"26":{"start":{"line":103,"column":8},"end":{"line":103,"column":62}},"27":{"start":{"line":104,"column":8},"end":{"line":104,"column":62}},"28":{"start":{"line":105,"column":8},"end":{"line":105,"column":66}},"29":{"start":{"line":106,"column":8},"end":{"line":106,"column":67}},"30":{"start":{"line":107,"column":8},"end":{"line":107,"column":4987}},"31":{"start":{"line":122,"column":8},"end":{"line":122,"column":5416}},"32":{"start":{"line":140,"column":8},"end":{"line":140,"column":43}},"33":{"start":{"line":144,"column":8},"end":{"line":144,"column":47}},"34":{"start":{"line":149,"column":8},"end":{"line":149,"column":32}},"35":{"start":{"line":166,"column":8},"end":{"line":166,"column":6642}},"36":{"start":{"line":183,"column":8},"end":{"line":183,"column":50}}},"branchMap":{"1":{"line":55,"type":"if","locations":[{"start":{"line":55,"column":8},"end":{"line":55,"column":8}},{"start":{"line":55,"column":8},"end":{"line":55,"column":8}}]},"2":{"line":57,"type":"if","locations":[{"start":{"line":57,"column":12},"end":{"line":57,"column":12}},{"start":{"line":57,"column":12},"end":{"line":57,"column":12}}]},"3":{"line":58,"type":"if","locations":[{"start":{"line":58,"column":12},"end":{"line":58,"column":12}},{"start":{"line":58,"column":12},"end":{"line":58,"column":12}}]},"4":{"line":71,"type":"if","locations":[{"start":{"line":71,"column":8},"end":{"line":71,"column":8}},{"start":{"line":71,"column":8},"end":{"line":71,"column":8}}]},"5":{"line":74,"type":"if","locations":[{"start":{"line":74,"column":12},"end":{"line":74,"column":12}},{"start":{"line":74,"column":12},"end":{"line":74,"column":12}}]},"6":{"line":81,"type":"if","locations":[{"start":{"line":81,"column":16},"end":{"line":81,"column":16}},{"start":{"line":81,"column":16},"end":{"line":81,"column":16}}]},"7":{"line":95,"type":"if","locations":[{"start":{"line":95,"column":8},"end":{"line":95,"column":8}},{"start":{"line":95,"column":8},"end":{"line":95,"column":8}}]}}},"contracts/ERC721ModuleForMainnet.sol":{"l":{"20":0,"21":0,"22":0,"23":0,"24":0,"26":0,"28":0,"33":0,"34":0,"35":0,"36":0,"37":0,"38":0,"39":0,"40":0,"42":0,"43":0,"45":0,"49":0,"50":0,"51":0,"52":0,"54":0,"59":0,"60":0,"61":0,"74":0,"86":0,"87":0,"88":0,"89":0,"94":0,"104":0,"105":0,"106":0,"110":0},"path":"/home/elvis/work/MTA/proxy/contracts/ERC721ModuleForMainnet.sol","s":{"1":0,"2":0,"3":0,"4":0,"5":0,"6":0,"7":0,"8":0,"9":0,"10":0,"11":0,"12":0,"13":0,"14":0,"15":0,"16":0,"17":0,"18":0,"19":0,"20":0,"21":0,"22":0,"23":0},"b":{"1":[0,0],"2":[0,0],"3":[0,0],"4":[0,0]},"f":{"1":2,"2":0,"3":0,"4":0,"5":0,"6":0,"7":0,"8":0},"fnMap":{"1":{"name":"constructor","line":15,"loc":{"start":{"line":15,"column":4},"end":{"line":15,"column":86}}},"2":{"name":"receiveERC721","line":19,"loc":{"start":{"line":19,"column":4},"end":{"line":19,"column":139}}},"3":{"name":"sendERC721","line":32,"loc":{"start":{"line":32,"column":4},"end":{"line":32,"column":94}}},"4":{"name":"getReceiver","line":48,"loc":{"start":{"line":48,"column":4},"end":{"line":48,"column":92}}},"5":{"name":"encodeData","line":58,"loc":{"start":{"line":58,"column":4},"end":{"line":58,"column":134}}},"6":{"name":"encodeRawData","line":73,"loc":{"start":{"line":73,"column":4},"end":{"line":73,"column":92}}},"7":{"name":"fallbackDataParser","line":81,"loc":{"start":{"line":81,"column":4},"end":{"line":85,"column":5}}},"8":{"name":"fallbackRawDataParser","line":99,"loc":{"start":{"line":99,"column":4},"end":{"line":103,"column":5}}}},"statementMap":{"1":{"start":{"line":20,"column":8},"end":{"line":20,"column":130}},"2":{"start":{"line":21,"column":8},"end":{"line":21,"column":924}},"3":{"start":{"line":22,"column":12},"end":{"line":22,"column":100}},"4":{"start":{"line":23,"column":12},"end":{"line":23,"column":1057}},"5":{"start":{"line":24,"column":16},"end":{"line":24,"column":101}},"6":{"start":{"line":26,"column":12},"end":{"line":26,"column":74}},"7":{"start":{"line":28,"column":12},"end":{"line":28,"column":45}},"8":{"start":{"line":33,"column":8},"end":{"line":33,"column":130}},"9":{"start":{"line":38,"column":8},"end":{"line":38,"column":1709}},"10":{"start":{"line":39,"column":12},"end":{"line":39,"column":75}},"11":{"start":{"line":40,"column":12},"end":{"line":40,"column":98}},"12":{"start":{"line":42,"column":12},"end":{"line":42,"column":60}},"13":{"start":{"line":43,"column":12},"end":{"line":43,"column":31}},"14":{"start":{"line":45,"column":8},"end":{"line":45,"column":100}},"15":{"start":{"line":51,"column":8},"end":{"line":51,"column":2302}},"16":{"start":{"line":52,"column":12},"end":{"line":52,"column":74}},"17":{"start":{"line":54,"column":12},"end":{"line":54,"column":59}},"18":{"start":{"line":59,"column":8},"end":{"line":59,"column":60}},"19":{"start":{"line":60,"column":8},"end":{"line":60,"column":64}},"20":{"start":{"line":61,"column":8},"end":{"line":61,"column":2776}},"21":{"start":{"line":74,"column":8},"end":{"line":74,"column":3160}},"22":{"start":{"line":94,"column":8},"end":{"line":94,"column":3673}},"23":{"start":{"line":110,"column":8},"end":{"line":110,"column":50}}},"branchMap":{"1":{"line":21,"type":"if","locations":[{"start":{"line":21,"column":8},"end":{"line":21,"column":8}},{"start":{"line":21,"column":8},"end":{"line":21,"column":8}}]},"2":{"line":23,"type":"if","locations":[{"start":{"line":23,"column":12},"end":{"line":23,"column":12}},{"start":{"line":23,"column":12},"end":{"line":23,"column":12}}]},"3":{"line":38,"type":"if","locations":[{"start":{"line":38,"column":8},"end":{"line":38,"column":8}},{"start":{"line":38,"column":8},"end":{"line":38,"column":8}}]},"4":{"line":51,"type":"if","locations":[{"start":{"line":51,"column":8},"end":{"line":51,"column":8}},{"start":{"line":51,"column":8},"end":{"line":51,"column":8}}]}}},"contracts/ERC721ModuleForSchain.sol":{"l":{"29":0,"30":0,"31":0,"32":0,"33":0,"34":0,"36":0,"41":0,"42":0,"43":0,"44":0,"45":0,"46":0,"47":0,"48":0,"49":0,"50":0,"51":0,"52":0,"53":0,"56":0,"57":0,"59":0,"63":0,"64":0,"65":0,"66":0,"68":0,"73":0,"74":0,"75":0,"88":0,"100":0,"101":0,"102":0,"103":0,"108":0,"118":0,"119":0,"120":0,"124":0},"path":"/home/elvis/work/MTA/proxy/contracts/ERC721ModuleForSchain.sol","s":{"1":0,"2":0,"3":0,"4":0,"5":0,"6":0,"7":0,"8":0,"9":0,"10":0,"11":0,"12":0,"13":0,"14":0,"15":0,"16":0,"17":0,"18":0,"19":0,"20":0,"21":0,"22":0,"23":0,"24":0,"25":0,"26":0,"27":0,"28":0},"b":{"1":[0,0],"2":[0,0],"3":[0,0],"4":[0,0],"5":[0,0],"6":[0,0]},"f":{"1":2,"2":0,"3":0,"4":0,"5":0,"6":0,"7":0,"8":0},"fnMap":{"1":{"name":"constructor","line":24,"loc":{"start":{"line":24,"column":4},"end":{"line":24,"column":86}}},"2":{"name":"receiveERC721","line":28,"loc":{"start":{"line":28,"column":4},"end":{"line":28,"column":141}}},"3":{"name":"sendERC721","line":40,"loc":{"start":{"line":40,"column":4},"end":{"line":40,"column":96}}},"4":{"name":"getReceiver","line":62,"loc":{"start":{"line":62,"column":4},"end":{"line":62,"column":92}}},"5":{"name":"encodeData","line":72,"loc":{"start":{"line":72,"column":4},"end":{"line":72,"column":134}}},"6":{"name":"encodeRawData","line":87,"loc":{"start":{"line":87,"column":4},"end":{"line":87,"column":92}}},"7":{"name":"fallbackDataParser","line":95,"loc":{"start":{"line":95,"column":4},"end":{"line":99,"column":5}}},"8":{"name":"fallbackRawDataParser","line":113,"loc":{"start":{"line":113,"column":4},"end":{"line":117,"column":5}}}},"statementMap":{"1":{"start":{"line":29,"column":8},"end":{"line":29,"column":130}},"2":{"start":{"line":30,"column":8},"end":{"line":30,"column":1208}},"3":{"start":{"line":31,"column":12},"end":{"line":31,"column":100}},"4":{"start":{"line":32,"column":12},"end":{"line":32,"column":73}},"5":{"start":{"line":33,"column":12},"end":{"line":33,"column":129}},"6":{"start":{"line":34,"column":12},"end":{"line":34,"column":74}},"7":{"start":{"line":36,"column":12},"end":{"line":36,"column":45}},"8":{"start":{"line":41,"column":8},"end":{"line":41,"column":130}},"9":{"start":{"line":46,"column":8},"end":{"line":46,"column":2044}},"10":{"start":{"line":47,"column":12},"end":{"line":47,"column":75}},"11":{"start":{"line":48,"column":12},"end":{"line":48,"column":98}},"12":{"start":{"line":49,"column":12},"end":{"line":49,"column":2263}},"13":{"start":{"line":50,"column":16},"end":{"line":50,"column":135}},"14":{"start":{"line":51,"column":16},"end":{"line":51,"column":95}},"15":{"start":{"line":52,"column":16},"end":{"line":52,"column":56}},"16":{"start":{"line":53,"column":16},"end":{"line":53,"column":53}},"17":{"start":{"line":56,"column":12},"end":{"line":56,"column":60}},"18":{"start":{"line":57,"column":12},"end":{"line":57,"column":31}},"19":{"start":{"line":59,"column":8},"end":{"line":59,"column":100}},"20":{"start":{"line":65,"column":8},"end":{"line":65,"column":3101}},"21":{"start":{"line":66,"column":12},"end":{"line":66,"column":75}},"22":{"start":{"line":68,"column":12},"end":{"line":68,"column":60}},"23":{"start":{"line":73,"column":8},"end":{"line":73,"column":60}},"24":{"start":{"line":74,"column":8},"end":{"line":74,"column":64}},"25":{"start":{"line":75,"column":8},"end":{"line":75,"column":3577}},"26":{"start":{"line":88,"column":8},"end":{"line":88,"column":3961}},"27":{"start":{"line":108,"column":8},"end":{"line":108,"column":4474}},"28":{"start":{"line":124,"column":8},"end":{"line":124,"column":50}}},"branchMap":{"1":{"line":30,"type":"if","locations":[{"start":{"line":30,"column":8},"end":{"line":30,"column":8}},{"start":{"line":30,"column":8},"end":{"line":30,"column":8}}]},"2":{"line":32,"type":"if","locations":[{"start":{"line":32,"column":12},"end":{"line":32,"column":12}},{"start":{"line":32,"column":12},"end":{"line":32,"column":12}}]},"3":{"line":33,"type":"if","locations":[{"start":{"line":33,"column":12},"end":{"line":33,"column":12}},{"start":{"line":33,"column":12},"end":{"line":33,"column":12}}]},"4":{"line":46,"type":"if","locations":[{"start":{"line":46,"column":8},"end":{"line":46,"column":8}},{"start":{"line":46,"column":8},"end":{"line":46,"column":8}}]},"5":{"line":49,"type":"if","locations":[{"start":{"line":49,"column":12},"end":{"line":49,"column":12}},{"start":{"line":49,"column":12},"end":{"line":49,"column":12}}]},"6":{"line":65,"type":"if","locations":[{"start":{"line":65,"column":8},"end":{"line":65,"column":8}},{"start":{"line":65,"column":8},"end":{"line":65,"column":8}}]}}},"contracts/EthERC20.sol":{"l":{"36":0,"37":0,"38":0,"42":0,"46":0},"path":"/home/elvis/work/MTA/proxy/contracts/EthERC20.sol","s":{"1":0,"2":0,"3":0,"4":0,"5":0},"b":{"1":[0,0]},"f":{"1":2,"2":0,"3":0,"4":0},"fnMap":{"1":{"name":"constructor","line":31,"loc":{"start":{"line":31,"column":4},"end":{"line":31,"column":69}}},"2":{"name":"mint","line":35,"loc":{"start":{"line":35,"column":4},"end":{"line":35,"column":80}}},"3":{"name":"burn","line":41,"loc":{"start":{"line":41,"column":4},"end":{"line":41,"column":38}}},"4":{"name":"burnFrom","line":45,"loc":{"start":{"line":45,"column":4},"end":{"line":45,"column":69}}}},"statementMap":{"1":{"start":{"line":36,"column":8},"end":{"line":36,"column":64}},"2":{"start":{"line":37,"column":8},"end":{"line":37,"column":29}},"3":{"start":{"line":38,"column":8},"end":{"line":38,"column":19}},"4":{"start":{"line":42,"column":8},"end":{"line":42,"column":32}},"5":{"start":{"line":46,"column":8},"end":{"line":46,"column":29}}},"branchMap":{"1":{"line":36,"type":"if","locations":[{"start":{"line":36,"column":8},"end":{"line":36,"column":8}},{"start":{"line":36,"column":8},"end":{"line":36,"column":8}}]}}},"contracts/IERC20Module.sol":{"l":{},"path":"/home/elvis/work/MTA/proxy/contracts/IERC20Module.sol","s":{},"b":{},"f":{},"fnMap":{},"statementMap":{},"branchMap":{}},"contracts/IERC721Module.sol":{"l":{},"path":"/home/elvis/work/MTA/proxy/contracts/IERC721Module.sol","s":{},"b":{},"f":{},"fnMap":{},"statementMap":{},"branchMap":{}},"contracts/IMessageProxy.sol":{"l":{},"path":"/home/elvis/work/MTA/proxy/contracts/IMessageProxy.sol","s":{},"b":{},"f":{},"fnMap":{},"statementMap":{},"branchMap":{}},"contracts/LockAndDataForMainnet.sol":{"l":{"34":12,"36":12,"46":6,"50":13,"51":11,"52":11,"53":9,"55":9,"58":9,"59":7,"63":6,"64":6,"65":4,"66":2,"70":3,"74":5,"75":3,"76":1,"77":1,"78":1,"82":3,"83":1,"84":1},"path":"/home/elvis/work/MTA/proxy/contracts/LockAndDataForMainnet.sol","s":{"1":12,"2":6,"3":13,"4":11,"5":11,"6":9,"7":7,"8":6,"9":6,"10":4,"11":2,"12":3,"13":5,"14":3,"15":1,"16":1,"17":3,"18":1},"b":{"1":[12,0],"2":[11,2],"3":[9,2],"4":[7,2],"5":[4,2],"6":[2,2],"7":[3,2],"8":[1,2],"9":[1,2]},"f":{"1":12,"2":16,"3":6,"4":13,"5":6,"6":3,"7":5,"8":3},"fnMap":{"1":{"name":"allow","line":33,"loc":{"start":{"line":33,"column":4},"end":{"line":33,"column":44}}},"2":{"name":"constructor","line":41,"loc":{"start":{"line":41,"column":4},"end":{"line":41,"column":32}}},"3":{"name":"receiveEth","line":45,"loc":{"start":{"line":45,"column":4},"end":{"line":45,"column":70}}},"4":{"name":"setContract","line":49,"loc":{"start":{"line":49,"column":4},"end":{"line":49,"column":88}}},"5":{"name":"addSchain","line":62,"loc":{"start":{"line":62,"column":4},"end":{"line":62,"column":90}}},"6":{"name":"approveTransfer","line":69,"loc":{"start":{"line":69,"column":4},"end":{"line":69,"column":78}}},"7":{"name":"getMyEth","line":73,"loc":{"start":{"line":73,"column":4},"end":{"line":73,"column":28}}},"8":{"name":"sendEth","line":81,"loc":{"start":{"line":81,"column":4},"end":{"line":81,"column":93}}}},"statementMap":{"1":{"start":{"line":34,"column":8},"end":{"line":34,"column":1191}},"2":{"start":{"line":46,"column":8},"end":{"line":46,"column":43}},"3":{"start":{"line":50,"column":8},"end":{"line":50,"column":70}},"4":{"start":{"line":51,"column":8},"end":{"line":51,"column":69}},"5":{"start":{"line":52,"column":8},"end":{"line":52,"column":81}},"6":{"start":{"line":58,"column":8},"end":{"line":58,"column":74}},"7":{"start":{"line":59,"column":8},"end":{"line":59,"column":42}},"8":{"start":{"line":63,"column":8},"end":{"line":63,"column":65}},"9":{"start":{"line":64,"column":8},"end":{"line":64,"column":93}},"10":{"start":{"line":65,"column":8},"end":{"line":65,"column":84}},"11":{"start":{"line":66,"column":8},"end":{"line":66,"column":62}},"12":{"start":{"line":70,"column":8},"end":{"line":70,"column":37}},"13":{"start":{"line":74,"column":8},"end":{"line":74,"column":87}},"14":{"start":{"line":75,"column":8},"end":{"line":75,"column":77}},"15":{"start":{"line":76,"column":8},"end":{"line":76,"column":49}},"16":{"start":{"line":77,"column":8},"end":{"line":77,"column":39}},"17":{"start":{"line":82,"column":8},"end":{"line":82,"column":65}},"18":{"start":{"line":84,"column":8},"end":{"line":84,"column":19}}},"branchMap":{"1":{"line":34,"type":"if","locations":[{"start":{"line":34,"column":8},"end":{"line":34,"column":8}},{"start":{"line":34,"column":8},"end":{"line":34,"column":8}}]},"2":{"line":50,"type":"if","locations":[{"start":{"line":50,"column":8},"end":{"line":50,"column":8}},{"start":{"line":50,"column":8},"end":{"line":50,"column":8}}]},"3":{"line":52,"type":"if","locations":[{"start":{"line":52,"column":8},"end":{"line":52,"column":8}},{"start":{"line":52,"column":8},"end":{"line":52,"column":8}}]},"4":{"line":58,"type":"if","locations":[{"start":{"line":58,"column":8},"end":{"line":58,"column":8}},{"start":{"line":58,"column":8},"end":{"line":58,"column":8}}]},"5":{"line":64,"type":"if","locations":[{"start":{"line":64,"column":8},"end":{"line":64,"column":8}},{"start":{"line":64,"column":8},"end":{"line":64,"column":8}}]},"6":{"line":65,"type":"if","locations":[{"start":{"line":65,"column":8},"end":{"line":65,"column":8}},{"start":{"line":65,"column":8},"end":{"line":65,"column":8}}]},"7":{"line":74,"type":"if","locations":[{"start":{"line":74,"column":8},"end":{"line":74,"column":8}},{"start":{"line":74,"column":8},"end":{"line":74,"column":8}}]},"8":{"line":75,"type":"if","locations":[{"start":{"line":75,"column":8},"end":{"line":75,"column":8}},{"start":{"line":75,"column":8},"end":{"line":75,"column":8}}]},"9":{"line":82,"type":"if","locations":[{"start":{"line":82,"column":8},"end":{"line":82,"column":8}},{"start":{"line":82,"column":8},"end":{"line":82,"column":8}}]}}},"contracts/LockAndDataForMainnetERC20.sol":{"l":{"38":0,"39":0,"40":0,"44":0,"45":0,"46":0,"47":0,"48":0},"path":"/home/elvis/work/MTA/proxy/contracts/LockAndDataForMainnetERC20.sol","s":{"1":0,"2":0,"3":0,"4":0,"5":0,"6":0,"7":0},"b":{"1":[0,0],"2":[0,0]},"f":{"1":2,"2":0,"3":0},"fnMap":{"1":{"name":"constructor","line":33,"loc":{"start":{"line":33,"column":4},"end":{"line":33,"column":80}}},"2":{"name":"sendERC20","line":37,"loc":{"start":{"line":37,"column":4},"end":{"line":37,"column":110}}},"3":{"name":"addERC20Token","line":43,"loc":{"start":{"line":43,"column":4},"end":{"line":43,"column":89}}}},"statementMap":{"1":{"start":{"line":38,"column":8},"end":{"line":38,"column":91}},"2":{"start":{"line":39,"column":8},"end":{"line":39,"column":57}},"3":{"start":{"line":40,"column":8},"end":{"line":40,"column":19}},"4":{"start":{"line":44,"column":8},"end":{"line":44,"column":33}},"5":{"start":{"line":45,"column":8},"end":{"line":45,"column":40}},"6":{"start":{"line":46,"column":8},"end":{"line":46,"column":40}},"7":{"start":{"line":48,"column":8},"end":{"line":48,"column":20}}},"branchMap":{"1":{"line":38,"type":"if","locations":[{"start":{"line":38,"column":8},"end":{"line":38,"column":8}},{"start":{"line":38,"column":8},"end":{"line":38,"column":8}}]},"2":{"line":39,"type":"if","locations":[{"start":{"line":39,"column":8},"end":{"line":39,"column":8}},{"start":{"line":39,"column":8},"end":{"line":39,"column":8}}]}}},"contracts/LockAndDataForMainnetERC721.sol":{"l":{"18":0,"19":0,"20":0,"24":0,"28":0,"29":0,"30":0,"31":0,"32":0},"path":"/home/elvis/work/MTA/proxy/contracts/LockAndDataForMainnetERC721.sol","s":{"1":0,"2":0,"3":0,"4":0,"5":0,"6":0,"7":0,"8":0},"b":{"1":[0,0],"2":[0,0]},"f":{"1":2,"2":0,"3":0},"fnMap":{"1":{"name":"constructor","line":13,"loc":{"start":{"line":13,"column":4},"end":{"line":13,"column":80}}},"2":{"name":"sendERC721","line":17,"loc":{"start":{"line":17,"column":4},"end":{"line":17,"column":113}}},"3":{"name":"addERC721Token","line":27,"loc":{"start":{"line":27,"column":4},"end":{"line":27,"column":92}}}},"statementMap":{"1":{"start":{"line":18,"column":8},"end":{"line":18,"column":593}},"2":{"start":{"line":19,"column":12},"end":{"line":19,"column":36}},"3":{"start":{"line":20,"column":12},"end":{"line":20,"column":88}},"4":{"start":{"line":24,"column":8},"end":{"line":24,"column":19}},"5":{"start":{"line":28,"column":8},"end":{"line":28,"column":34}},"6":{"start":{"line":29,"column":8},"end":{"line":29,"column":42}},"7":{"start":{"line":30,"column":8},"end":{"line":30,"column":42}},"8":{"start":{"line":32,"column":8},"end":{"line":32,"column":20}}},"branchMap":{"1":{"line":18,"type":"if","locations":[{"start":{"line":18,"column":8},"end":{"line":18,"column":8}},{"start":{"line":18,"column":8},"end":{"line":18,"column":8}}]},"2":{"line":20,"type":"if","locations":[{"start":{"line":20,"column":12},"end":{"line":20,"column":12}},{"start":{"line":20,"column":12},"end":{"line":20,"column":12}}]}}},"contracts/LockAndDataForSchain.sol":{"l":{"43":0,"44":0,"52":1,"56":6,"57":6,"58":6,"59":6,"61":6,"64":6,"65":6,"69":0,"70":0,"71":0,"72":0,"76":0,"77":0,"83":0,"89":0,"93":0,"94":0,"95":0,"97":0,"98":0,"100":0,"104":0,"105":0,"109":0,"110":0},"path":"/home/elvis/work/MTA/proxy/contracts/LockAndDataForSchain.sol","s":{"1":0,"2":1,"3":6,"4":6,"5":6,"6":6,"7":6,"8":0,"9":0,"10":0,"11":0,"12":0,"13":0,"14":0,"15":0,"16":0,"17":0,"18":0,"19":0,"20":0,"21":0,"22":0,"23":0,"24":0,"25":0,"26":0},"b":{"1":[0,0],"2":[6,0],"3":[6,0],"4":[6,0],"5":[0,0],"6":[0,0],"7":[0,0],"8":[0,0],"9":[0,0],"10":[0,0],"11":[0,0]},"f":{"1":0,"2":2,"3":1,"4":6,"5":0,"6":0,"7":0,"8":0,"9":0,"10":0},"fnMap":{"1":{"name":"allow","line":42,"loc":{"start":{"line":42,"column":4},"end":{"line":42,"column":44}}},"2":{"name":"constructor","line":47,"loc":{"start":{"line":47,"column":4},"end":{"line":47,"column":30}}},"3":{"name":"setEthERC20Address","line":51,"loc":{"start":{"line":51,"column":4},"end":{"line":51,"column":74}}},"4":{"name":"setContract","line":55,"loc":{"start":{"line":55,"column":4},"end":{"line":55,"column":88}}},"5":{"name":"addSchain","line":68,"loc":{"start":{"line":68,"column":4},"end":{"line":68,"column":90}}},"6":{"name":"addDepositBox","line":75,"loc":{"start":{"line":75,"column":4},"end":{"line":75,"column":68}}},"7":{"name":"addGasCosts","line":88,"loc":{"start":{"line":88,"column":4},"end":{"line":88,"column":76}}},"8":{"name":"reduceGasCosts","line":92,"loc":{"start":{"line":92,"column":4},"end":{"line":92,"column":94}}},"9":{"name":"sendEth","line":103,"loc":{"start":{"line":103,"column":4},"end":{"line":103,"column":87}}},"10":{"name":"receiveEth","line":108,"loc":{"start":{"line":108,"column":4},"end":{"line":108,"column":94}}}},"statementMap":{"1":{"start":{"line":43,"column":8},"end":{"line":43,"column":97}},"2":{"start":{"line":52,"column":8},"end":{"line":52,"column":43}},"3":{"start":{"line":56,"column":8},"end":{"line":56,"column":70}},"4":{"start":{"line":57,"column":8},"end":{"line":57,"column":69}},"5":{"start":{"line":58,"column":8},"end":{"line":58,"column":81}},"6":{"start":{"line":64,"column":8},"end":{"line":64,"column":74}},"7":{"start":{"line":65,"column":8},"end":{"line":65,"column":42}},"8":{"start":{"line":69,"column":8},"end":{"line":69,"column":65}},"9":{"start":{"line":70,"column":8},"end":{"line":70,"column":93}},"10":{"start":{"line":71,"column":8},"end":{"line":71,"column":84}},"11":{"start":{"line":72,"column":8},"end":{"line":72,"column":62}},"12":{"start":{"line":76,"column":8},"end":{"line":76,"column":80}},"13":{"start":{"line":77,"column":8},"end":{"line":77,"column":2944}},"14":{"start":{"line":83,"column":8},"end":{"line":83,"column":3159}},"15":{"start":{"line":89,"column":8},"end":{"line":89,"column":29}},"16":{"start":{"line":93,"column":8},"end":{"line":93,"column":3478}},"17":{"start":{"line":94,"column":12},"end":{"line":94,"column":33}},"18":{"start":{"line":95,"column":12},"end":{"line":95,"column":23}},"19":{"start":{"line":96,"column":15},"end":{"line":96,"column":3584}},"20":{"start":{"line":97,"column":12},"end":{"line":97,"column":41}},"21":{"start":{"line":98,"column":12},"end":{"line":98,"column":23}},"22":{"start":{"line":100,"column":8},"end":{"line":100,"column":20}},"23":{"start":{"line":104,"column":8},"end":{"line":104,"column":73}},"24":{"start":{"line":105,"column":8},"end":{"line":105,"column":19}},"25":{"start":{"line":109,"column":8},"end":{"line":109,"column":33}},"26":{"start":{"line":110,"column":8},"end":{"line":110,"column":19}}},"branchMap":{"1":{"line":43,"type":"if","locations":[{"start":{"line":43,"column":8},"end":{"line":43,"column":8}},{"start":{"line":43,"column":8},"end":{"line":43,"column":8}}]},"2":{"line":56,"type":"if","locations":[{"start":{"line":56,"column":8},"end":{"line":56,"column":8}},{"start":{"line":56,"column":8},"end":{"line":56,"column":8}}]},"3":{"line":58,"type":"if","locations":[{"start":{"line":58,"column":8},"end":{"line":58,"column":8}},{"start":{"line":58,"column":8},"end":{"line":58,"column":8}}]},"4":{"line":64,"type":"if","locations":[{"start":{"line":64,"column":8},"end":{"line":64,"column":8}},{"start":{"line":64,"column":8},"end":{"line":64,"column":8}}]},"5":{"line":70,"type":"if","locations":[{"start":{"line":70,"column":8},"end":{"line":70,"column":8}},{"start":{"line":70,"column":8},"end":{"line":70,"column":8}}]},"6":{"line":71,"type":"if","locations":[{"start":{"line":71,"column":8},"end":{"line":71,"column":8}},{"start":{"line":71,"column":8},"end":{"line":71,"column":8}}]},"7":{"line":76,"type":"if","locations":[{"start":{"line":76,"column":8},"end":{"line":76,"column":8}},{"start":{"line":76,"column":8},"end":{"line":76,"column":8}}]},"8":{"line":77,"type":"if","locations":[{"start":{"line":77,"column":8},"end":{"line":77,"column":8}},{"start":{"line":77,"column":8},"end":{"line":77,"column":8}}]},"9":{"line":93,"type":"if","locations":[{"start":{"line":93,"column":8},"end":{"line":93,"column":8}},{"start":{"line":93,"column":8},"end":{"line":93,"column":8}}]},"10":{"line":96,"type":"if","locations":[{"start":{"line":96,"column":15},"end":{"line":96,"column":15}},{"start":{"line":96,"column":15},"end":{"line":96,"column":15}}]},"11":{"line":104,"type":"if","locations":[{"start":{"line":104,"column":8},"end":{"line":104,"column":8}},{"start":{"line":104,"column":8},"end":{"line":104,"column":8}}]}}},"contracts/LockAndDataForSchainERC20.sol":{"l":{"41":0,"42":0,"46":0,"47":0,"48":0,"52":0,"53":0},"path":"/home/elvis/work/MTA/proxy/contracts/LockAndDataForSchainERC20.sol","s":{"1":0,"2":0,"3":0,"4":0,"5":0,"6":0,"7":0},"b":{"1":[0,0],"2":[0,0]},"f":{"1":2,"2":0,"3":0,"4":0},"fnMap":{"1":{"name":"constructor","line":36,"loc":{"start":{"line":36,"column":4},"end":{"line":36,"column":80}}},"2":{"name":"sendERC20","line":40,"loc":{"start":{"line":40,"column":4},"end":{"line":40,"column":110}}},"3":{"name":"receiveERC20","line":45,"loc":{"start":{"line":45,"column":4},"end":{"line":45,"column":101}}},"4":{"name":"addERC20Token","line":51,"loc":{"start":{"line":51,"column":4},"end":{"line":51,"column":97}}}},"statementMap":{"1":{"start":{"line":41,"column":8},"end":{"line":41,"column":93}},"2":{"start":{"line":42,"column":8},"end":{"line":42,"column":19}},"3":{"start":{"line":46,"column":8},"end":{"line":46,"column":106}},"4":{"start":{"line":47,"column":8},"end":{"line":47,"column":37}},"5":{"start":{"line":48,"column":8},"end":{"line":48,"column":19}},"6":{"start":{"line":52,"column":8},"end":{"line":52,"column":51}},"7":{"start":{"line":53,"column":8},"end":{"line":53,"column":51}}},"branchMap":{"1":{"line":41,"type":"if","locations":[{"start":{"line":41,"column":8},"end":{"line":41,"column":8}},{"start":{"line":41,"column":8},"end":{"line":41,"column":8}}]},"2":{"line":46,"type":"if","locations":[{"start":{"line":46,"column":8},"end":{"line":46,"column":8}},{"start":{"line":46,"column":8},"end":{"line":46,"column":8}}]}}},"contracts/LockAndDataForSchainERC721.sol":{"l":{"22":0,"23":0,"27":0,"28":0,"29":0,"33":0,"34":0},"path":"/home/elvis/work/MTA/proxy/contracts/LockAndDataForSchainERC721.sol","s":{"1":0,"2":0,"3":0,"4":0,"5":0,"6":0,"7":0},"b":{"1":[0,0],"2":[0,0]},"f":{"1":2,"2":0,"3":0,"4":0},"fnMap":{"1":{"name":"constructor","line":17,"loc":{"start":{"line":17,"column":4},"end":{"line":17,"column":80}}},"2":{"name":"sendERC721","line":21,"loc":{"start":{"line":21,"column":4},"end":{"line":21,"column":113}}},"3":{"name":"receiveERC721","line":26,"loc":{"start":{"line":26,"column":4},"end":{"line":26,"column":104}}},"4":{"name":"addERC721Token","line":32,"loc":{"start":{"line":32,"column":4},"end":{"line":32,"column":100}}}},"statementMap":{"1":{"start":{"line":22,"column":8},"end":{"line":22,"column":96}},"2":{"start":{"line":23,"column":8},"end":{"line":23,"column":19}},"3":{"start":{"line":27,"column":8},"end":{"line":27,"column":105}},"4":{"start":{"line":28,"column":8},"end":{"line":28,"column":38}},"5":{"start":{"line":29,"column":8},"end":{"line":29,"column":19}},"6":{"start":{"line":33,"column":8},"end":{"line":33,"column":53}},"7":{"start":{"line":34,"column":8},"end":{"line":34,"column":53}}},"branchMap":{"1":{"line":22,"type":"if","locations":[{"start":{"line":22,"column":8},"end":{"line":22,"column":8}},{"start":{"line":22,"column":8},"end":{"line":22,"column":8}}]},"2":{"line":27,"type":"if","locations":[{"start":{"line":27,"column":8},"end":{"line":27,"column":8}},{"start":{"line":27,"column":8},"end":{"line":27,"column":8}}]}}},"contracts/MessageProxy.sol":{"l":{"84":18,"85":18,"86":18,"91":2,"92":2,"109":0,"113":0,"116":0,"127":0,"128":0,"132":0,"135":0,"148":0,"149":0,"150":0,"151":0,"177":0,"178":0,"179":0,"180":0,"181":0,"182":0,"183":0,"190":0,"191":0,"192":0,"193":0,"195":0,"235":0,"237":0,"245":0,"254":0,"255":0,"256":0,"264":0,"265":0,"266":0},"path":"/home/elvis/work/MTA/proxy/contracts/MessageProxy.sol","s":{"1":18,"2":18,"3":18,"4":2,"5":0,"6":0,"7":0,"8":0,"9":0,"10":0,"11":0,"12":0,"13":0,"14":0,"15":0,"16":0,"17":0,"18":0,"19":0,"20":0,"21":0,"22":0,"23":0,"24":0,"25":0,"26":0,"27":0,"28":0,"29":0,"30":0,"31":0,"32":0},"b":{"1":[2,16],"2":[0,0],"3":[0,0],"4":[0,0],"5":[0,0],"6":[0,0],"7":[0,0],"8":[0,0],"9":[0,0],"10":[0,0],"11":[0,0],"12":[0,0],"13":[0,0],"14":[0,0],"15":[0,0]},"f":{"1":18,"2":0,"3":0,"4":0,"5":0,"6":0,"7":0},"fnMap":{"1":{"name":"constructor","line":83,"loc":{"start":{"line":83,"column":4},"end":{"line":83,"column":46}}},"2":{"name":"addConnectedChain","line":102,"loc":{"start":{"line":102,"column":4},"end":{"line":107,"column":5}}},"3":{"name":"removeConnectedChain","line":126,"loc":{"start":{"line":126,"column":4},"end":{"line":126,"column":64}}},"4":{"name":"postOutgoingMessage","line":139,"loc":{"start":{"line":139,"column":4},"end":{"line":147,"column":5}}},"5":{"name":"postIncomingMessages","line":163,"loc":{"start":{"line":163,"column":4},"end":{"line":175,"column":5}}},"6":{"name":"getOutgoingMessagesCounter","line":249,"loc":{"start":{"line":249,"column":4},"end":{"line":253,"column":5}}},"7":{"name":"getIncomingMessagesCounter","line":259,"loc":{"start":{"line":259,"column":4},"end":{"line":263,"column":5}}}},"statementMap":{"1":{"start":{"line":84,"column":8},"end":{"line":84,"column":25}},"2":{"start":{"line":85,"column":8},"end":{"line":85,"column":27}},"3":{"start":{"line":86,"column":8},"end":{"line":86,"column":2728}},"4":{"start":{"line":92,"column":12},"end":{"line":92,"column":3023}},"5":{"start":{"line":109,"column":8},"end":{"line":109,"column":3598}},"6":{"start":{"line":113,"column":8},"end":{"line":113,"column":3800}},"7":{"start":{"line":116,"column":8},"end":{"line":116,"column":3906}},"8":{"start":{"line":127,"column":8},"end":{"line":127,"column":35}},"9":{"start":{"line":128,"column":8},"end":{"line":128,"column":4281}},"10":{"start":{"line":132,"column":8},"end":{"line":132,"column":4461}},"11":{"start":{"line":148,"column":8},"end":{"line":148,"column":69}},"12":{"start":{"line":149,"column":8},"end":{"line":149,"column":52}},"13":{"start":{"line":151,"column":8},"end":{"line":151,"column":5108}},"14":{"start":{"line":177,"column":8},"end":{"line":177,"column":69}},"15":{"start":{"line":178,"column":8},"end":{"line":178,"column":52}},"16":{"start":{"line":179,"column":8},"end":{"line":179,"column":53}},"17":{"start":{"line":180,"column":8},"end":{"line":180,"column":48}},"18":{"start":{"line":181,"column":8},"end":{"line":181,"column":42}},"19":{"start":{"line":182,"column":8},"end":{"line":182,"column":52}},"20":{"start":{"line":183,"column":8},"end":{"line":183,"column":6110}},"21":{"start":{"line":190,"column":8},"end":{"line":190,"column":21}},"22":{"start":{"line":191,"column":8},"end":{"line":191,"column":6325}},"23":{"start":{"line":193,"column":12},"end":{"line":193,"column":47}},"24":{"start":{"line":235,"column":12},"end":{"line":235,"column":33}},"25":{"start":{"line":237,"column":12},"end":{"line":237,"column":44}},"26":{"start":{"line":245,"column":8},"end":{"line":245,"column":8206}},"27":{"start":{"line":254,"column":8},"end":{"line":254,"column":69}},"28":{"start":{"line":255,"column":8},"end":{"line":255,"column":52}},"29":{"start":{"line":256,"column":8},"end":{"line":256,"column":67}},"30":{"start":{"line":264,"column":8},"end":{"line":264,"column":69}},"31":{"start":{"line":265,"column":8},"end":{"line":265,"column":52}},"32":{"start":{"line":266,"column":8},"end":{"line":266,"column":67}}},"branchMap":{"1":{"line":86,"type":"if","locations":[{"start":{"line":86,"column":8},"end":{"line":86,"column":8}},{"start":{"line":86,"column":8},"end":{"line":86,"column":8}}]},"2":{"line":109,"type":"if","locations":[{"start":{"line":109,"column":8},"end":{"line":109,"column":8}},{"start":{"line":109,"column":8},"end":{"line":109,"column":8}}]},"3":{"line":113,"type":"if","locations":[{"start":{"line":113,"column":8},"end":{"line":113,"column":8}},{"start":{"line":113,"column":8},"end":{"line":113,"column":8}}]},"4":{"line":127,"type":"if","locations":[{"start":{"line":127,"column":8},"end":{"line":127,"column":8}},{"start":{"line":127,"column":8},"end":{"line":127,"column":8}}]},"5":{"line":128,"type":"if","locations":[{"start":{"line":128,"column":8},"end":{"line":128,"column":8}},{"start":{"line":128,"column":8},"end":{"line":128,"column":8}}]},"6":{"line":132,"type":"if","locations":[{"start":{"line":132,"column":8},"end":{"line":132,"column":8}},{"start":{"line":132,"column":8},"end":{"line":132,"column":8}}]},"7":{"line":149,"type":"if","locations":[{"start":{"line":149,"column":8},"end":{"line":149,"column":8}},{"start":{"line":149,"column":8},"end":{"line":149,"column":8}}]},"8":{"line":178,"type":"if","locations":[{"start":{"line":178,"column":8},"end":{"line":178,"column":8}},{"start":{"line":178,"column":8},"end":{"line":178,"column":8}}]},"9":{"line":179,"type":"if","locations":[{"start":{"line":179,"column":8},"end":{"line":179,"column":8}},{"start":{"line":179,"column":8},"end":{"line":179,"column":8}}]},"10":{"line":180,"type":"if","locations":[{"start":{"line":180,"column":8},"end":{"line":180,"column":8}},{"start":{"line":180,"column":8},"end":{"line":180,"column":8}}]},"11":{"line":181,"type":"if","locations":[{"start":{"line":181,"column":8},"end":{"line":181,"column":8}},{"start":{"line":181,"column":8},"end":{"line":181,"column":8}}]},"12":{"line":182,"type":"if","locations":[{"start":{"line":182,"column":8},"end":{"line":182,"column":8}},{"start":{"line":182,"column":8},"end":{"line":182,"column":8}}]},"13":{"line":183,"type":"if","locations":[{"start":{"line":183,"column":8},"end":{"line":183,"column":8}},{"start":{"line":183,"column":8},"end":{"line":183,"column":8}}]},"14":{"line":255,"type":"if","locations":[{"start":{"line":255,"column":8},"end":{"line":255,"column":8}},{"start":{"line":255,"column":8},"end":{"line":255,"column":8}}]},"15":{"line":265,"type":"if","locations":[{"start":{"line":265,"column":8},"end":{"line":265,"column":8}},{"start":{"line":265,"column":8},"end":{"line":265,"column":8}}]}}},"contracts/Ownable.sol":{"l":{"38":56,"45":27,"46":27,"55":1,"56":1},"path":"/home/elvis/work/MTA/proxy/contracts/Ownable.sol","s":{"1":56,"2":27,"3":1,"4":1},"b":{"1":[27,0],"2":[1,0]},"f":{"1":56,"2":27,"3":1},"fnMap":{"1":{"name":"constructor","line":37,"loc":{"start":{"line":37,"column":4},"end":{"line":37,"column":22}}},"2":{"name":"onlyOwner","line":44,"loc":{"start":{"line":44,"column":4},"end":{"line":44,"column":22}}},"3":{"name":"transferOwnership","line":54,"loc":{"start":{"line":54,"column":4},"end":{"line":54,"column":71}}}},"statementMap":{"1":{"start":{"line":38,"column":8},"end":{"line":38,"column":25}},"2":{"start":{"line":45,"column":8},"end":{"line":45,"column":35}},"3":{"start":{"line":55,"column":8},"end":{"line":55,"column":38}},"4":{"start":{"line":56,"column":8},"end":{"line":56,"column":23}}},"branchMap":{"1":{"line":45,"type":"if","locations":[{"start":{"line":45,"column":8},"end":{"line":45,"column":8}},{"start":{"line":45,"column":8},"end":{"line":45,"column":8}}]},"2":{"line":55,"type":"if","locations":[{"start":{"line":55,"column":8},"end":{"line":55,"column":8}},{"start":{"line":55,"column":8},"end":{"line":55,"column":8}}]}}},"contracts/Permissions.sol":{"l":{"44":0,"48":0,"56":36},"path":"/home/elvis/work/MTA/proxy/contracts/Permissions.sol","s":{"1":0,"2":36},"b":{"1":[0,0]},"f":{"1":0,"2":36},"fnMap":{"1":{"name":"allow","line":43,"loc":{"start":{"line":43,"column":4},"end":{"line":43,"column":44}}},"2":{"name":"constructor","line":55,"loc":{"start":{"line":55,"column":4},"end":{"line":55,"column":49}}}},"statementMap":{"1":{"start":{"line":44,"column":8},"end":{"line":44,"column":1462}},"2":{"start":{"line":56,"column":8},"end":{"line":56,"column":47}}},"branchMap":{"1":{"line":44,"type":"if","locations":[{"start":{"line":44,"column":8},"end":{"line":44,"column":8}},{"start":{"line":44,"column":8},"end":{"line":44,"column":8}}]}}},"contracts/TokenFactory.sol":{"l":{"45":0,"46":0,"50":0,"54":0,"55":0,"59":0,"63":0,"67":0,"68":0,"89":0,"90":0,"94":0,"95":0,"102":0,"103":0,"104":0,"105":0,"120":0,"121":0,"122":0,"123":0,"124":0,"125":0,"126":0,"133":0,"134":0,"135":0,"136":0,"144":0,"145":0,"146":0,"147":0,"148":0,"149":0,"150":0,"151":0,"164":0,"165":0,"166":0,"167":0,"169":0,"172":0,"173":0,"174":0,"176":0,"178":0,"181":0,"182":0,"183":0,"185":0,"187":0,"193":0,"209":0,"210":0,"212":0,"215":0,"216":0,"217":0,"219":0,"221":0,"224":0,"225":0,"226":0},"path":"/home/elvis/work/MTA/proxy/contracts/TokenFactory.sol","s":{"1":0,"2":0,"3":0,"4":0,"5":0,"6":0,"7":0,"8":0,"9":0,"10":0,"11":0,"12":0,"13":0,"14":0,"15":0,"16":0,"17":0,"18":0,"19":0,"20":0,"21":0,"22":0,"23":0,"24":0,"25":0,"26":0,"27":0,"28":0,"29":0,"30":0,"31":0,"32":0,"33":0,"34":0,"35":0,"36":0,"37":0,"38":0,"39":0,"40":0,"41":0},"b":{"1":[0,0],"2":[0,0],"3":[0,0],"4":[0,0],"5":[0,0]},"f":{"1":0,"2":0,"3":0,"4":0,"5":0,"6":0,"7":0,"8":0,"9":0,"10":0,"11":2,"12":0,"13":0,"14":0,"15":0},"fnMap":{"1":{"name":"constructor","line":35,"loc":{"start":{"line":35,"column":4},"end":{"line":44,"column":5}}},"2":{"name":"totalSupplyOnMainnet","line":49,"loc":{"start":{"line":49,"column":4},"end":{"line":49,"column":60}}},"3":{"name":"setTotalSupplyOnMainnet","line":53,"loc":{"start":{"line":53,"column":4},"end":{"line":53,"column":62}}},"4":{"name":"burn","line":58,"loc":{"start":{"line":58,"column":4},"end":{"line":58,"column":38}}},"5":{"name":"burnFrom","line":62,"loc":{"start":{"line":62,"column":4},"end":{"line":62,"column":59}}},"6":{"name":"_mint","line":66,"loc":{"start":{"line":66,"column":4},"end":{"line":66,"column":54}}},"7":{"name":"constructor","line":74,"loc":{"start":{"line":74,"column":4},"end":{"line":80,"column":5}}},"8":{"name":"mint","line":84,"loc":{"start":{"line":84,"column":4},"end":{"line":88,"column":5}}},"9":{"name":"burn","line":93,"loc":{"start":{"line":93,"column":4},"end":{"line":93,"column":39}}},"10":{"name":"setTokenURI","line":98,"loc":{"start":{"line":98,"column":4},"end":{"line":101,"column":5}}},"11":{"name":"constructor","line":111,"loc":{"start":{"line":111,"column":4},"end":{"line":111,"column":80}}},"12":{"name":"createERC20","line":115,"loc":{"start":{"line":115,"column":4},"end":{"line":119,"column":5}}},"13":{"name":"createERC721","line":139,"loc":{"start":{"line":139,"column":4},"end":{"line":143,"column":5}}},"14":{"name":"fallbackDataCreateERC20Parser","line":154,"loc":{"start":{"line":154,"column":4},"end":{"line":163,"column":5}}},"15":{"name":"fallbackDataCreateERC721Parser","line":201,"loc":{"start":{"line":201,"column":4},"end":{"line":208,"column":5}}}},"statementMap":{"1":{"start":{"line":45,"column":8},"end":{"line":45,"column":45}},"2":{"start":{"line":46,"column":8},"end":{"line":46,"column":41}},"3":{"start":{"line":50,"column":8},"end":{"line":50,"column":36}},"4":{"start":{"line":54,"column":8},"end":{"line":54,"column":87}},"5":{"start":{"line":55,"column":8},"end":{"line":55,"column":45}},"6":{"start":{"line":59,"column":8},"end":{"line":59,"column":32}},"7":{"start":{"line":63,"column":8},"end":{"line":63,"column":33}},"8":{"start":{"line":67,"column":8},"end":{"line":67,"column":101}},"9":{"start":{"line":89,"column":8},"end":{"line":89,"column":25}},"10":{"start":{"line":90,"column":8},"end":{"line":90,"column":19}},"11":{"start":{"line":94,"column":8},"end":{"line":94,"column":107}},"12":{"start":{"line":95,"column":8},"end":{"line":95,"column":21}},"13":{"start":{"line":102,"column":8},"end":{"line":102,"column":32}},"14":{"start":{"line":103,"column":8},"end":{"line":103,"column":55}},"15":{"start":{"line":104,"column":8},"end":{"line":104,"column":38}},"16":{"start":{"line":105,"column":8},"end":{"line":105,"column":19}},"17":{"start":{"line":124,"column":8},"end":{"line":124,"column":82}},"18":{"start":{"line":125,"column":8},"end":{"line":125,"column":125}},"19":{"start":{"line":126,"column":8},"end":{"line":126,"column":3904}},"20":{"start":{"line":133,"column":8},"end":{"line":133,"column":128}},"21":{"start":{"line":136,"column":8},"end":{"line":136,"column":32}},"22":{"start":{"line":146,"column":8},"end":{"line":146,"column":60}},"23":{"start":{"line":147,"column":8},"end":{"line":147,"column":64}},"24":{"start":{"line":148,"column":8},"end":{"line":148,"column":130}},"25":{"start":{"line":151,"column":8},"end":{"line":151,"column":33}},"26":{"start":{"line":172,"column":8},"end":{"line":172,"column":42}},"27":{"start":{"line":173,"column":8},"end":{"line":173,"column":5432}},"28":{"start":{"line":174,"column":12},"end":{"line":174,"column":41}},"29":{"start":{"line":176,"column":8},"end":{"line":176,"column":43}},"30":{"start":{"line":181,"column":8},"end":{"line":181,"column":46}},"31":{"start":{"line":182,"column":8},"end":{"line":182,"column":5797}},"32":{"start":{"line":183,"column":12},"end":{"line":183,"column":58}},"33":{"start":{"line":185,"column":8},"end":{"line":185,"column":47}},"34":{"start":{"line":193,"column":8},"end":{"line":193,"column":6279}},"35":{"start":{"line":215,"column":8},"end":{"line":215,"column":42}},"36":{"start":{"line":216,"column":8},"end":{"line":216,"column":6849}},"37":{"start":{"line":217,"column":12},"end":{"line":217,"column":41}},"38":{"start":{"line":219,"column":8},"end":{"line":219,"column":43}},"39":{"start":{"line":224,"column":8},"end":{"line":224,"column":46}},"40":{"start":{"line":225,"column":8},"end":{"line":225,"column":7214}},"41":{"start":{"line":226,"column":12},"end":{"line":226,"column":58}}},"branchMap":{"1":{"line":54,"type":"if","locations":[{"start":{"line":54,"column":8},"end":{"line":54,"column":8}},{"start":{"line":54,"column":8},"end":{"line":54,"column":8}}]},"2":{"line":67,"type":"if","locations":[{"start":{"line":67,"column":8},"end":{"line":67,"column":8}},{"start":{"line":67,"column":8},"end":{"line":67,"column":8}}]},"3":{"line":94,"type":"if","locations":[{"start":{"line":94,"column":8},"end":{"line":94,"column":8}},{"start":{"line":94,"column":8},"end":{"line":94,"column":8}}]},"4":{"line":102,"type":"if","locations":[{"start":{"line":102,"column":8},"end":{"line":102,"column":8}},{"start":{"line":102,"column":8},"end":{"line":102,"column":8}}]},"5":{"line":103,"type":"if","locations":[{"start":{"line":103,"column":8},"end":{"line":103,"column":8}},{"start":{"line":103,"column":8},"end":{"line":103,"column":8}}]}}},"contracts/TokenManager.sol":{"l":{"84":0,"85":0,"86":0,"87":0,"88":0,"92":0,"93":0,"94":0,"108":2,"109":2,"113":0,"119":0,"120":0,"124":0,"125":0,"126":0,"136":0,"137":0,"150":0,"160":0,"164":0,"165":0,"166":0,"173":0,"181":0,"182":0,"183":0,"193":0,"194":0,"195":0,"202":0,"210":0,"211":0,"212":0,"222":0,"223":0,"224":0,"231":0,"239":0,"240":0,"250":0,"251":0,"252":0,"259":0,"267":0,"268":0,"278":0,"279":0,"280":0,"281":0,"282":0,"283":0,"284":0,"285":0,"295":0,"296":0,"297":0,"298":0,"299":0,"300":0,"301":0,"302":0,"312":0,"313":0,"314":0,"315":0,"316":0,"317":0,"318":0,"328":0,"329":0,"330":0,"331":0,"332":0,"333":0,"334":0,"354":0,"355":0,"356":0,"357":0,"365":0,"368":0,"369":0,"370":0,"373":0,"374":0,"375":0,"376":0,"377":0,"379":0,"380":0,"381":0,"382":0,"384":0,"385":0,"386":0,"387":0,"406":0,"408":0,"411":0,"419":0,"420":0,"422":0,"424":0,"426":0,"428":0,"437":0,"438":0,"439":0,"441":0,"446":0,"456":0,"458":0,"461":0,"469":0,"470":0,"472":0,"476":0},"path":"/home/elvis/work/MTA/proxy/contracts/TokenManager.sol","s":{"1":0,"2":0,"3":0,"4":0,"5":0,"6":0,"7":2,"8":2,"9":0,"10":0,"11":0,"12":0,"13":0,"14":0,"15":0,"16":0,"17":0,"18":0,"19":0,"20":0,"21":0,"22":0,"23":0,"24":0,"25":0,"26":0,"27":0,"28":0,"29":0,"30":0,"31":0,"32":0,"33":0,"34":0,"35":0,"36":0,"37":0,"38":0,"39":0,"40":0,"41":0,"42":0,"43":0,"44":0,"45":0,"46":0,"47":0,"48":0,"49":0,"50":0,"51":0,"52":0,"53":0,"54":0,"55":0,"56":0,"57":0,"58":0,"59":0,"60":0,"61":0,"62":0,"63":0,"64":0,"65":0,"66":0,"67":0,"68":0,"69":0,"70":0,"71":0,"72":0,"73":0,"74":0,"75":0,"76":0,"77":0,"78":0,"79":0,"80":0,"81":0,"82":0,"83":0,"84":0,"85":0,"86":0,"87":0,"88":0,"89":0,"90":0,"91":0,"92":0,"93":0,"94":0,"95":0,"96":0,"97":0,"98":0,"99":0,"100":0,"101":0,"102":0,"103":0,"104":0,"105":0,"106":0,"107":0,"108":0},"b":{"1":[0,0],"2":[0,0],"3":[0,0],"4":[0,0],"5":[0,0],"6":[0,0],"7":[0,0],"8":[0,0],"9":[0,0],"10":[0,0],"11":[0,0],"12":[0,0],"13":[0,0],"14":[0,0],"15":[0,0],"16":[0,0],"17":[0,0],"18":[0,0],"19":[0,0],"20":[0,0],"21":[0,0],"22":[0,0],"23":[0,0],"24":[0,0],"25":[0,0],"26":[0,0],"27":[0,0],"28":[0,0],"29":[0,0],"30":[0,0],"31":[0,0],"32":[0,0],"33":[0,0],"34":[0,0],"35":[0,0],"36":[0,0],"37":[0,0],"38":[0,0],"39":[0,0],"40":[0,0]},"f":{"1":0,"2":0,"3":2,"4":0,"5":0,"6":0,"7":0,"8":0,"9":0,"10":0,"11":0,"12":0,"13":0,"14":0,"15":0,"16":0,"17":0,"18":0,"19":0,"20":0,"21":0,"22":0},"fnMap":{"1":{"name":"rightTransaction","line":83,"loc":{"start":{"line":83,"column":4},"end":{"line":83,"column":51}}},"2":{"name":"receivedEth","line":91,"loc":{"start":{"line":91,"column":4},"end":{"line":91,"column":35}}},"3":{"name":"constructor","line":100,"loc":{"start":{"line":100,"column":4},"end":{"line":107,"column":5}}},"4":{"name":"fallback","line":112,"loc":{"start":{"line":112,"column":4},"end":{"line":112,"column":21}}},"5":{"name":"exitToMain","line":118,"loc":{"start":{"line":118,"column":4},"end":{"line":118,"column":53}}},"6":{"name":"exitToMain","line":123,"loc":{"start":{"line":123,"column":4},"end":{"line":123,"column":92}}},"7":{"name":"transferToSchain","line":135,"loc":{"start":{"line":135,"column":4},"end":{"line":135,"column":83}}},"8":{"name":"transferToSchain","line":140,"loc":{"start":{"line":140,"column":4},"end":{"line":149,"column":5}}},"9":{"name":"addEthCost","line":159,"loc":{"start":{"line":159,"column":4},"end":{"line":159,"column":61}}},"10":{"name":"exitToMainERC20","line":163,"loc":{"start":{"line":163,"column":4},"end":{"line":163,"column":80}}},"11":{"name":"rawExitToMainERC20","line":192,"loc":{"start":{"line":192,"column":4},"end":{"line":192,"column":106}}},"12":{"name":"transferToSchainERC20","line":221,"loc":{"start":{"line":221,"column":4},"end":{"line":221,"column":110}}},"13":{"name":"rawTransferToSchainERC20","line":249,"loc":{"start":{"line":249,"column":4},"end":{"line":249,"column":136}}},"14":{"name":"exitToMainERC721","line":277,"loc":{"start":{"line":277,"column":4},"end":{"line":277,"column":82}}},"15":{"name":"rawExitToMainERC721","line":294,"loc":{"start":{"line":294,"column":4},"end":{"line":294,"column":108}}},"16":{"name":"transferToSchainERC721","line":311,"loc":{"start":{"line":311,"column":4},"end":{"line":311,"column":112}}},"17":{"name":"rawTransferToSchainERC721","line":327,"loc":{"start":{"line":327,"column":4},"end":{"line":327,"column":138}}},"18":{"name":"postMessage","line":345,"loc":{"start":{"line":345,"column":4},"end":{"line":353,"column":5}}},"19":{"name":"fallbackOperationTypeConvert","line":401,"loc":{"start":{"line":401,"column":4},"end":{"line":405,"column":5}}},"20":{"name":"fallbackDataParser","line":432,"loc":{"start":{"line":432,"column":4},"end":{"line":436,"column":5}}},"21":{"name":"fallbackContractIndexDataParser","line":451,"loc":{"start":{"line":451,"column":4},"end":{"line":455,"column":5}}},"22":{"name":"fallbackRawDataParser","line":464,"loc":{"start":{"line":464,"column":4},"end":{"line":468,"column":5}}}},"statementMap":{"1":{"start":{"line":84,"column":8},"end":{"line":84,"column":65}},"2":{"start":{"line":85,"column":8},"end":{"line":85,"column":111}},"3":{"start":{"line":86,"column":8},"end":{"line":86,"column":119}},"4":{"start":{"line":87,"column":8},"end":{"line":87,"column":90}},"5":{"start":{"line":92,"column":8},"end":{"line":92,"column":41}},"6":{"start":{"line":93,"column":8},"end":{"line":93,"column":112}},"7":{"start":{"line":108,"column":8},"end":{"line":108,"column":27}},"8":{"start":{"line":109,"column":8},"end":{"line":109,"column":46}},"9":{"start":{"line":113,"column":8},"end":{"line":113,"column":28}},"10":{"start":{"line":120,"column":8},"end":{"line":120,"column":36}},"11":{"start":{"line":125,"column":8},"end":{"line":125,"column":57}},"12":{"start":{"line":126,"column":8},"end":{"line":126,"column":43}},"13":{"start":{"line":137,"column":8},"end":{"line":137,"column":51}},"14":{"start":{"line":150,"column":8},"end":{"line":150,"column":43}},"15":{"start":{"line":160,"column":8},"end":{"line":160,"column":41}},"16":{"start":{"line":164,"column":8},"end":{"line":164,"column":128}},"17":{"start":{"line":165,"column":8},"end":{"line":165,"column":118}},"18":{"start":{"line":166,"column":8},"end":{"line":166,"column":5680}},"19":{"start":{"line":173,"column":8},"end":{"line":173,"column":5880}},"20":{"start":{"line":181,"column":8},"end":{"line":181,"column":144}},"21":{"start":{"line":182,"column":8},"end":{"line":182,"column":98}},"22":{"start":{"line":183,"column":8},"end":{"line":183,"column":43}},"23":{"start":{"line":193,"column":8},"end":{"line":193,"column":128}},"24":{"start":{"line":194,"column":8},"end":{"line":194,"column":118}},"25":{"start":{"line":195,"column":8},"end":{"line":195,"column":7032}},"26":{"start":{"line":202,"column":8},"end":{"line":202,"column":7232}},"27":{"start":{"line":210,"column":8},"end":{"line":210,"column":144}},"28":{"start":{"line":211,"column":8},"end":{"line":211,"column":98}},"29":{"start":{"line":212,"column":8},"end":{"line":212,"column":43}},"30":{"start":{"line":222,"column":8},"end":{"line":222,"column":128}},"31":{"start":{"line":223,"column":8},"end":{"line":223,"column":118}},"32":{"start":{"line":224,"column":8},"end":{"line":224,"column":8391}},"33":{"start":{"line":231,"column":8},"end":{"line":231,"column":8591}},"34":{"start":{"line":239,"column":8},"end":{"line":239,"column":98}},"35":{"start":{"line":240,"column":8},"end":{"line":240,"column":43}},"36":{"start":{"line":250,"column":8},"end":{"line":250,"column":128}},"37":{"start":{"line":251,"column":8},"end":{"line":251,"column":118}},"38":{"start":{"line":252,"column":8},"end":{"line":252,"column":9584}},"39":{"start":{"line":259,"column":8},"end":{"line":259,"column":9784}},"40":{"start":{"line":267,"column":8},"end":{"line":267,"column":98}},"41":{"start":{"line":268,"column":8},"end":{"line":268,"column":43}},"42":{"start":{"line":278,"column":8},"end":{"line":278,"column":130}},"43":{"start":{"line":279,"column":8},"end":{"line":279,"column":120}},"44":{"start":{"line":280,"column":8},"end":{"line":280,"column":103}},"45":{"start":{"line":281,"column":8},"end":{"line":281,"column":32}},"46":{"start":{"line":282,"column":8},"end":{"line":282,"column":112}},"47":{"start":{"line":283,"column":8},"end":{"line":283,"column":144}},"48":{"start":{"line":284,"column":8},"end":{"line":284,"column":102}},"49":{"start":{"line":285,"column":8},"end":{"line":285,"column":43}},"50":{"start":{"line":295,"column":8},"end":{"line":295,"column":130}},"51":{"start":{"line":296,"column":8},"end":{"line":296,"column":120}},"52":{"start":{"line":297,"column":8},"end":{"line":297,"column":103}},"53":{"start":{"line":298,"column":8},"end":{"line":298,"column":32}},"54":{"start":{"line":299,"column":8},"end":{"line":299,"column":112}},"55":{"start":{"line":300,"column":8},"end":{"line":300,"column":144}},"56":{"start":{"line":301,"column":8},"end":{"line":301,"column":102}},"57":{"start":{"line":302,"column":8},"end":{"line":302,"column":43}},"58":{"start":{"line":312,"column":8},"end":{"line":312,"column":130}},"59":{"start":{"line":313,"column":8},"end":{"line":313,"column":120}},"60":{"start":{"line":314,"column":8},"end":{"line":314,"column":103}},"61":{"start":{"line":315,"column":8},"end":{"line":315,"column":32}},"62":{"start":{"line":316,"column":8},"end":{"line":316,"column":112}},"63":{"start":{"line":317,"column":8},"end":{"line":317,"column":102}},"64":{"start":{"line":318,"column":8},"end":{"line":318,"column":43}},"65":{"start":{"line":328,"column":8},"end":{"line":328,"column":130}},"66":{"start":{"line":329,"column":8},"end":{"line":329,"column":120}},"67":{"start":{"line":330,"column":8},"end":{"line":330,"column":103}},"68":{"start":{"line":331,"column":8},"end":{"line":331,"column":32}},"69":{"start":{"line":332,"column":8},"end":{"line":332,"column":112}},"70":{"start":{"line":333,"column":8},"end":{"line":333,"column":102}},"71":{"start":{"line":334,"column":8},"end":{"line":334,"column":43}},"72":{"start":{"line":354,"column":8},"end":{"line":354,"column":67}},"73":{"start":{"line":355,"column":8},"end":{"line":355,"column":69}},"74":{"start":{"line":356,"column":8},"end":{"line":356,"column":15368}},"75":{"start":{"line":357,"column":12},"end":{"line":357,"column":15525}},"76":{"start":{"line":365,"column":12},"end":{"line":365,"column":18}},"77":{"start":{"line":368,"column":8},"end":{"line":368,"column":15752}},"78":{"start":{"line":369,"column":12},"end":{"line":369,"column":78}},"79":{"start":{"line":370,"column":12},"end":{"line":370,"column":18}},"80":{"start":{"line":373,"column":8},"end":{"line":373,"column":74}},"81":{"start":{"line":374,"column":8},"end":{"line":374,"column":15972}},"82":{"start":{"line":375,"column":12},"end":{"line":375,"column":58}},"83":{"start":{"line":376,"column":12},"end":{"line":376,"column":86}},"84":{"start":{"line":377,"column":12},"end":{"line":377,"column":18}},"85":{"start":{"line":378,"column":15},"end":{"line":378,"column":16210}},"86":{"start":{"line":379,"column":12},"end":{"line":379,"column":122}},"87":{"start":{"line":380,"column":12},"end":{"line":380,"column":36}},"88":{"start":{"line":381,"column":12},"end":{"line":381,"column":77}},"89":{"start":{"line":382,"column":12},"end":{"line":382,"column":92}},"90":{"start":{"line":383,"column":15},"end":{"line":383,"column":16693}},"91":{"start":{"line":384,"column":12},"end":{"line":384,"column":124}},"92":{"start":{"line":385,"column":12},"end":{"line":385,"column":38}},"93":{"start":{"line":386,"column":12},"end":{"line":386,"column":79}},"94":{"start":{"line":387,"column":12},"end":{"line":387,"column":92}},"95":{"start":{"line":411,"column":8},"end":{"line":411,"column":17825}},"96":{"start":{"line":419,"column":8},"end":{"line":419,"column":18083}},"97":{"start":{"line":420,"column":12},"end":{"line":420,"column":51}},"98":{"start":{"line":421,"column":15},"end":{"line":421,"column":18180}},"99":{"start":{"line":422,"column":12},"end":{"line":422,"column":53}},"100":{"start":{"line":423,"column":15},"end":{"line":423,"column":18279}},"101":{"start":{"line":424,"column":12},"end":{"line":424,"column":54}},"102":{"start":{"line":425,"column":15},"end":{"line":425,"column":18379}},"103":{"start":{"line":426,"column":12},"end":{"line":426,"column":56}},"104":{"start":{"line":427,"column":15},"end":{"line":427,"column":18481}},"105":{"start":{"line":428,"column":12},"end":{"line":428,"column":57}},"106":{"start":{"line":446,"column":8},"end":{"line":446,"column":19018}},"107":{"start":{"line":461,"column":8},"end":{"line":461,"column":34}},"108":{"start":{"line":476,"column":8},"end":{"line":476,"column":51}}},"branchMap":{"1":{"line":86,"type":"if","locations":[{"start":{"line":86,"column":8},"end":{"line":86,"column":8}},{"start":{"line":86,"column":8},"end":{"line":86,"column":8}}]},"2":{"line":87,"type":"if","locations":[{"start":{"line":87,"column":8},"end":{"line":87,"column":8}},{"start":{"line":87,"column":8},"end":{"line":87,"column":8}}]},"3":{"line":92,"type":"if","locations":[{"start":{"line":92,"column":8},"end":{"line":92,"column":8}},{"start":{"line":92,"column":8},"end":{"line":92,"column":8}}]},"4":{"line":93,"type":"if","locations":[{"start":{"line":93,"column":8},"end":{"line":93,"column":8}},{"start":{"line":93,"column":8},"end":{"line":93,"column":8}}]},"5":{"line":166,"type":"if","locations":[{"start":{"line":166,"column":8},"end":{"line":166,"column":8}},{"start":{"line":166,"column":8},"end":{"line":166,"column":8}}]},"6":{"line":173,"type":"if","locations":[{"start":{"line":173,"column":8},"end":{"line":173,"column":8}},{"start":{"line":173,"column":8},"end":{"line":173,"column":8}}]},"7":{"line":181,"type":"if","locations":[{"start":{"line":181,"column":8},"end":{"line":181,"column":8}},{"start":{"line":181,"column":8},"end":{"line":181,"column":8}}]},"8":{"line":195,"type":"if","locations":[{"start":{"line":195,"column":8},"end":{"line":195,"column":8}},{"start":{"line":195,"column":8},"end":{"line":195,"column":8}}]},"9":{"line":202,"type":"if","locations":[{"start":{"line":202,"column":8},"end":{"line":202,"column":8}},{"start":{"line":202,"column":8},"end":{"line":202,"column":8}}]},"10":{"line":210,"type":"if","locations":[{"start":{"line":210,"column":8},"end":{"line":210,"column":8}},{"start":{"line":210,"column":8},"end":{"line":210,"column":8}}]},"11":{"line":224,"type":"if","locations":[{"start":{"line":224,"column":8},"end":{"line":224,"column":8}},{"start":{"line":224,"column":8},"end":{"line":224,"column":8}}]},"12":{"line":231,"type":"if","locations":[{"start":{"line":231,"column":8},"end":{"line":231,"column":8}},{"start":{"line":231,"column":8},"end":{"line":231,"column":8}}]},"13":{"line":252,"type":"if","locations":[{"start":{"line":252,"column":8},"end":{"line":252,"column":8}},{"start":{"line":252,"column":8},"end":{"line":252,"column":8}}]},"14":{"line":259,"type":"if","locations":[{"start":{"line":259,"column":8},"end":{"line":259,"column":8}},{"start":{"line":259,"column":8},"end":{"line":259,"column":8}}]},"15":{"line":280,"type":"if","locations":[{"start":{"line":280,"column":8},"end":{"line":280,"column":8}},{"start":{"line":280,"column":8},"end":{"line":280,"column":8}}]},"16":{"line":282,"type":"if","locations":[{"start":{"line":282,"column":8},"end":{"line":282,"column":8}},{"start":{"line":282,"column":8},"end":{"line":282,"column":8}}]},"17":{"line":283,"type":"if","locations":[{"start":{"line":283,"column":8},"end":{"line":283,"column":8}},{"start":{"line":283,"column":8},"end":{"line":283,"column":8}}]},"18":{"line":297,"type":"if","locations":[{"start":{"line":297,"column":8},"end":{"line":297,"column":8}},{"start":{"line":297,"column":8},"end":{"line":297,"column":8}}]},"19":{"line":299,"type":"if","locations":[{"start":{"line":299,"column":8},"end":{"line":299,"column":8}},{"start":{"line":299,"column":8},"end":{"line":299,"column":8}}]},"20":{"line":300,"type":"if","locations":[{"start":{"line":300,"column":8},"end":{"line":300,"column":8}},{"start":{"line":300,"column":8},"end":{"line":300,"column":8}}]},"21":{"line":314,"type":"if","locations":[{"start":{"line":314,"column":8},"end":{"line":314,"column":8}},{"start":{"line":314,"column":8},"end":{"line":314,"column":8}}]},"22":{"line":316,"type":"if","locations":[{"start":{"line":316,"column":8},"end":{"line":316,"column":8}},{"start":{"line":316,"column":8},"end":{"line":316,"column":8}}]},"23":{"line":330,"type":"if","locations":[{"start":{"line":330,"column":8},"end":{"line":330,"column":8}},{"start":{"line":330,"column":8},"end":{"line":330,"column":8}}]},"24":{"line":332,"type":"if","locations":[{"start":{"line":332,"column":8},"end":{"line":332,"column":8}},{"start":{"line":332,"column":8},"end":{"line":332,"column":8}}]},"25":{"line":354,"type":"if","locations":[{"start":{"line":354,"column":8},"end":{"line":354,"column":8}},{"start":{"line":354,"column":8},"end":{"line":354,"column":8}}]},"26":{"line":356,"type":"if","locations":[{"start":{"line":356,"column":8},"end":{"line":356,"column":8}},{"start":{"line":356,"column":8},"end":{"line":356,"column":8}}]},"27":{"line":368,"type":"if","locations":[{"start":{"line":368,"column":8},"end":{"line":368,"column":8}},{"start":{"line":368,"column":8},"end":{"line":368,"column":8}}]},"28":{"line":374,"type":"if","locations":[{"start":{"line":374,"column":8},"end":{"line":374,"column":8}},{"start":{"line":374,"column":8},"end":{"line":374,"column":8}}]},"29":{"line":375,"type":"if","locations":[{"start":{"line":375,"column":12},"end":{"line":375,"column":12}},{"start":{"line":375,"column":12},"end":{"line":375,"column":12}}]},"30":{"line":376,"type":"if","locations":[{"start":{"line":376,"column":12},"end":{"line":376,"column":12}},{"start":{"line":376,"column":12},"end":{"line":376,"column":12}}]},"31":{"line":378,"type":"if","locations":[{"start":{"line":378,"column":15},"end":{"line":378,"column":15}},{"start":{"line":378,"column":15},"end":{"line":378,"column":15}}]},"32":{"line":382,"type":"if","locations":[{"start":{"line":382,"column":12},"end":{"line":382,"column":12}},{"start":{"line":382,"column":12},"end":{"line":382,"column":12}}]},"33":{"line":383,"type":"if","locations":[{"start":{"line":383,"column":15},"end":{"line":383,"column":15}},{"start":{"line":383,"column":15},"end":{"line":383,"column":15}}]},"34":{"line":387,"type":"if","locations":[{"start":{"line":387,"column":12},"end":{"line":387,"column":12}},{"start":{"line":387,"column":12},"end":{"line":387,"column":12}}]},"35":{"line":411,"type":"if","locations":[{"start":{"line":411,"column":8},"end":{"line":411,"column":8}},{"start":{"line":411,"column":8},"end":{"line":411,"column":8}}]},"36":{"line":419,"type":"if","locations":[{"start":{"line":419,"column":8},"end":{"line":419,"column":8}},{"start":{"line":419,"column":8},"end":{"line":419,"column":8}}]},"37":{"line":421,"type":"if","locations":[{"start":{"line":421,"column":15},"end":{"line":421,"column":15}},{"start":{"line":421,"column":15},"end":{"line":421,"column":15}}]},"38":{"line":423,"type":"if","locations":[{"start":{"line":423,"column":15},"end":{"line":423,"column":15}},{"start":{"line":423,"column":15},"end":{"line":423,"column":15}}]},"39":{"line":425,"type":"if","locations":[{"start":{"line":425,"column":15},"end":{"line":425,"column":15}},{"start":{"line":425,"column":15},"end":{"line":425,"column":15}}]},"40":{"line":427,"type":"if","locations":[{"start":{"line":427,"column":15},"end":{"line":427,"column":15}},{"start":{"line":427,"column":15},"end":{"line":427,"column":15}}]}}}}